2026-03-19 19:20:09,367 INFO     Using the Linux backend
2026-03-19 19:20:09,367 INFO     Starting display daemon
2026-03-19 19:20:09,380 INFO     Detected display: DESKTOP
2026-03-19 19:20:09,380 INFO     Switching display & audio to DESKTOP
2026-03-19 19:20:09,413 INFO     Gamepad status changed to: False
Traceback (most recent call last):
  File "/mnt/d/Projekty/dev/display_switcher/main.py", line 25, in <module>
    main()
    ~~~~^^
  File "/mnt/d/Projekty/dev/display_switcher/main.py", line 21, in main
    daemon.run()
    ~~~~~~~~~~^^
  File "/mnt/d/Projekty/dev/display_switcher/daemon.py", line 45, in run
    time.sleep(self.interval)
    ~~~~~~~~~~^^^^^^^^^^^^^^^
KeyboardInterrupt
2026-03-19 19:52:13,970 INFO     Using the Linux backend
2026-03-19 19:52:13,970 INFO     Starting display daemon
2026-03-19 19:52:13,983 INFO     Detected display: DESKTOP
2026-03-19 19:52:13,983 INFO     Switching display & audio to DESKTOP
2026-03-19 19:52:20,092 INFO     Gamepad status changed to: True
2026-03-19 19:53:15,035 INFO     Detected display: TV
2026-03-19 19:53:15,035 INFO     Switching display & audio to TV
2026-03-19 19:53:21,154 INFO     Starting Steam Big Picture
2026-03-19 19:53:21,155 INFO     Steam is up
Testing for explicit PulseAudio choice...
...and PulseAudio has been explicitly chosen, so using it.
find: ‘/home/xis/.local/share/icons/hicolor/’: No such file or directory
INFO: filtering /usr/share/kubuntu-default-settings/kf5-settings out of XDG_CONFIG_DIRS because it is unreachable
Found NVIDIA version: 580.126.09
Need NVIDIA 32-bit: False
2026-03-19 19:53:43,467 INFO     Gamepad status changed to: False
2026-03-19 19:53:49,689 INFO     Detected display: DESKTOP
2026-03-19 19:53:49,689 INFO     Switching display & audio to DESKTOP
2026-03-19 19:54:21,132 INFO     Detected display: TV
2026-03-19 19:54:21,132 INFO     Switching display & audio to TV
2026-03-19 19:54:34,348 INFO     Gamepad status changed to: True
2026-03-19 19:54:34,348 INFO     Starting Steam Big Picture
2026-03-19 19:54:34,348 INFO     Steam is up
Testing for explicit PulseAudio choice...
...and PulseAudio has been explicitly chosen, so using it.
find: ‘/home/xis/.local/share/icons/hicolor/’: No such file or directory
INFO: filtering /usr/share/kubuntu-default-settings/kf5-settings out of XDG_CONFIG_DIRS because it is unreachable
Found NVIDIA version: 580.126.09
Need NVIDIA 32-bit: False
2026-03-19 19:55:22,016 INFO     Detected display: DESKTOP
2026-03-19 19:55:22,016 INFO     Switching display & audio to DESKTOP
2026-03-19 19:55:29,144 INFO     Detected display: TV
2026-03-19 19:55:29,144 INFO     Switching display & audio to TV
2026-03-19 19:55:35,643 INFO     Starting Steam Big Picture
2026-03-19 19:55:35,644 INFO     Steam is up
Testing for explicit PulseAudio choice...
...and PulseAudio has been explicitly chosen, so using it.
find: ‘/home/xis/.local/share/icons/hicolor/’: No such file or directory
INFO: filtering /usr/share/kubuntu-default-settings/kf5-settings out of XDG_CONFIG_DIRS because it is unreachable
Found NVIDIA version: 580.126.09
Need NVIDIA 32-bit: False
2026-03-19 19:55:46,792 INFO     Gamepad status changed to: False
Traceback (most recent call last):
  File "/mnt/d/Projekty/dev/display_switcher/./main.py", line 25, in <module>
    main()
    ~~~~^^
  File "/mnt/d/Projekty/dev/display_switcher/./main.py", line 21, in main
    daemon.run()
    ~~~~~~~~~~^^
  File "/mnt/d/Projekty/dev/display_switcher/daemon.py", line 56, in run
    time.sleep(self.interval)
    ~~~~~~~~~~^^^^^^^^^^^^^^^
KeyboardInterrupt
2026-03-19 19:57:46,641 INFO     Using the Linux backend
2026-03-19 19:57:46,642 INFO     Starting display daemon
2026-03-19 19:57:46,655 INFO     Detected display: TV
2026-03-19 19:57:46,655 INFO     Switching display & audio to TV
Traceback (most recent call last):
  File "/mnt/d/Projekty/dev/display_switcher/./main.py", line 25, in <module>
    main()
    ~~~~^^
  File "/mnt/d/Projekty/dev/display_switcher/./main.py", line 21, in main
    daemon.run()
    ~~~~~~~~~~^^
  File "/mnt/d/Projekty/dev/display_switcher/daemon.py", line 31, in run
    time.sleep(self.interval)
    ~~~~~~~~~~^^^^^^^^^^^^^^^
KeyboardInterrupt
2026-03-19 19:58:51,812 INFO     Using the Linux backend
2026-03-19 19:58:51,812 INFO     Starting display daemon
2026-03-19 19:58:51,826 INFO     Detected display: TV
2026-03-19 19:58:51,826 INFO     Switching display & audio to TV
2026-03-19 19:58:51,857 INFO     Mode: TV, gamepad_status: False (None), switched_displays: True 
2026-03-19 19:58:51,857 INFO     Gamepad status changed to: False
2026-03-19 19:58:52,871 INFO     Mode: TV, gamepad_status: False (False), switched_displays: False 
2026-03-19 19:58:53,886 INFO     Mode: TV, gamepad_status: False (False), switched_displays: False 
2026-03-19 19:58:54,901 INFO     Mode: TV, gamepad_status: False (False), switched_displays: False 
2026-03-19 19:58:55,916 INFO     Mode: TV, gamepad_status: False (False), switched_displays: False 
2026-03-19 19:58:56,930 INFO     Mode: TV, gamepad_status: False (False), switched_displays: False 
2026-03-19 19:58:57,944 INFO     Mode: TV, gamepad_status: False (False), switched_displays: False 
2026-03-19 19:58:58,959 INFO     Mode: TV, gamepad_status: False (False), switched_displays: False 
2026-03-19 19:58:59,976 INFO     Mode: TV, gamepad_status: False (False), switched_displays: False 
2026-03-19 19:59:00,990 INFO     Mode: TV, gamepad_status: False (False), switched_displays: False 
2026-03-19 19:59:02,005 INFO     Mode: TV, gamepad_status: False (False), switched_displays: False 
2026-03-19 19:59:03,020 INFO     Mode: TV, gamepad_status: False (False), switched_displays: False 
2026-03-19 19:59:04,036 INFO     Mode: TV, gamepad_status: False (False), switched_displays: False 
2026-03-19 19:59:05,050 INFO     Mode: TV, gamepad_status: False (False), switched_displays: False 
2026-03-19 19:59:06,064 INFO     Mode: TV, gamepad_status: False (False), switched_displays: False 
2026-03-19 19:59:07,079 INFO     Mode: TV, gamepad_status: False (False), switched_displays: False 
2026-03-19 19:59:08,172 INFO     Mode: TV, gamepad_status: False (False), switched_displays: False 
2026-03-19 19:59:09,187 INFO     Mode: TV, gamepad_status: False (False), switched_displays: False 
2026-03-19 19:59:10,202 INFO     Mode: TV, gamepad_status: False (False), switched_displays: False 
2026-03-19 19:59:11,216 INFO     Mode: TV, gamepad_status: False (False), switched_displays: False 
2026-03-19 19:59:12,230 INFO     Mode: TV, gamepad_status: False (False), switched_displays: False 
2026-03-19 19:59:13,245 INFO     Mode: TV, gamepad_status: False (False), switched_displays: False 
2026-03-19 19:59:14,259 INFO     Mode: TV, gamepad_status: False (False), switched_displays: False 
2026-03-19 19:59:15,273 INFO     Mode: TV, gamepad_status: False (False), switched_displays: False 
2026-03-19 19:59:16,288 INFO     Mode: TV, gamepad_status: False (False), switched_displays: False 
2026-03-19 19:59:17,303 INFO     Mode: TV, gamepad_status: False (False), switched_displays: False 
2026-03-19 19:59:18,318 INFO     Mode: TV, gamepad_status: False (False), switched_displays: False 
2026-03-19 19:59:19,333 INFO     Mode: TV, gamepad_status: False (False), switched_displays: False 
2026-03-19 19:59:20,347 INFO     Mode: TV, gamepad_status: False (False), switched_displays: False 
2026-03-19 19:59:21,362 INFO     Mode: TV, gamepad_status: False (False), switched_displays: False 
2026-03-19 19:59:22,378 INFO     Mode: TV, gamepad_status: False (False), switched_displays: False 
2026-03-19 19:59:23,391 INFO     Mode: TV, gamepad_status: False (False), switched_displays: False 
2026-03-19 19:59:24,407 INFO     Mode: TV, gamepad_status: False (False), switched_displays: False 
2026-03-19 19:59:25,421 INFO     Mode: TV, gamepad_status: False (False), switched_displays: False 
2026-03-19 19:59:26,436 INFO     Mode: TV, gamepad_status: False (False), switched_displays: False 
2026-03-19 19:59:27,449 INFO     Mode: TV, gamepad_status: False (False), switched_displays: False 
2026-03-19 19:59:28,464 INFO     Mode: TV, gamepad_status: False (False), switched_displays: False 
2026-03-19 19:59:29,477 INFO     Mode: TV, gamepad_status: False (False), switched_displays: False 
2026-03-19 19:59:30,493 INFO     Mode: TV, gamepad_status: False (False), switched_displays: False 
2026-03-19 19:59:31,507 INFO     Mode: TV, gamepad_status: False (False), switched_displays: False 
2026-03-19 19:59:32,521 INFO     Mode: TV, gamepad_status: False (False), switched_displays: False 
2026-03-19 19:59:33,536 INFO     Mode: TV, gamepad_status: False (False), switched_displays: False 
2026-03-19 19:59:34,551 INFO     Mode: TV, gamepad_status: False (False), switched_displays: False 
2026-03-19 19:59:35,565 INFO     Mode: TV, gamepad_status: False (False), switched_displays: False 
2026-03-19 19:59:36,580 INFO     Mode: TV, gamepad_status: False (False), switched_displays: False 
2026-03-19 19:59:37,594 INFO     Mode: TV, gamepad_status: False (False), switched_displays: False 
2026-03-19 19:59:38,609 INFO     Mode: TV, gamepad_status: False (False), switched_displays: False 
2026-03-19 19:59:39,624 INFO     Mode: TV, gamepad_status: False (False), switched_displays: False 
2026-03-19 19:59:40,638 INFO     Mode: TV, gamepad_status: False (False), switched_displays: False 
2026-03-19 19:59:41,653 INFO     Mode: TV, gamepad_status: False (False), switched_displays: False 
2026-03-19 19:59:42,997 INFO     Mode: TV, gamepad_status: False (False), switched_displays: False 
2026-03-19 19:59:44,011 INFO     Mode: TV, gamepad_status: False (False), switched_displays: False 
2026-03-19 19:59:45,025 INFO     Mode: TV, gamepad_status: False (False), switched_displays: False 
2026-03-19 19:59:46,039 INFO     Mode: TV, gamepad_status: False (False), switched_displays: False 
2026-03-19 19:59:47,054 INFO     Mode: TV, gamepad_status: False (False), switched_displays: False 
2026-03-19 19:59:48,068 INFO     Mode: TV, gamepad_status: False (False), switched_displays: False 
2026-03-19 19:59:49,083 INFO     Mode: TV, gamepad_status: False (False), switched_displays: False 
2026-03-19 19:59:50,097 INFO     Mode: TV, gamepad_status: False (False), switched_displays: False 
2026-03-19 19:59:51,113 INFO     Mode: TV, gamepad_status: False (False), switched_displays: False 
2026-03-19 19:59:52,127 INFO     Mode: TV, gamepad_status: False (False), switched_displays: False 
2026-03-19 19:59:53,142 INFO     Mode: TV, gamepad_status: False (False), switched_displays: False 
2026-03-19 19:59:54,156 INFO     Mode: TV, gamepad_status: False (False), switched_displays: False 
2026-03-19 19:59:55,171 INFO     Mode: TV, gamepad_status: False (False), switched_displays: False 
2026-03-19 19:59:56,185 INFO     Mode: TV, gamepad_status: False (False), switched_displays: False 
2026-03-19 19:59:57,200 INFO     Mode: TV, gamepad_status: False (False), switched_displays: False 
2026-03-19 19:59:58,215 INFO     Mode: TV, gamepad_status: False (False), switched_displays: False 
2026-03-19 19:59:59,230 INFO     Mode: TV, gamepad_status: False (False), switched_displays: False 
2026-03-19 20:00:00,244 INFO     Mode: TV, gamepad_status: False (False), switched_displays: False 
2026-03-19 20:00:01,259 INFO     Mode: TV, gamepad_status: False (False), switched_displays: False 
2026-03-19 20:00:02,274 INFO     Mode: TV, gamepad_status: False (False), switched_displays: False 
2026-03-19 20:00:03,288 INFO     Mode: TV, gamepad_status: False (False), switched_displays: False 
2026-03-19 20:00:04,303 INFO     Mode: TV, gamepad_status: False (False), switched_displays: False 
2026-03-19 20:00:05,317 INFO     Mode: TV, gamepad_status: False (False), switched_displays: False 
2026-03-19 20:00:06,332 INFO     Mode: TV, gamepad_status: False (False), switched_displays: False 
2026-03-19 20:00:07,347 INFO     Mode: TV, gamepad_status: False (False), switched_displays: False 
2026-03-19 20:00:08,478 INFO     Mode: TV, gamepad_status: False (False), switched_displays: False 
2026-03-19 20:00:09,492 INFO     Mode: TV, gamepad_status: False (False), switched_displays: False 
2026-03-19 20:00:10,507 INFO     Mode: TV, gamepad_status: False (False), switched_displays: False 
2026-03-19 20:00:11,636 INFO     Mode: TV, gamepad_status: False (False), switched_displays: False 
2026-03-19 20:00:12,650 INFO     Mode: TV, gamepad_status: False (False), switched_displays: False 
2026-03-19 20:00:13,665 INFO     Mode: TV, gamepad_status: False (False), switched_displays: False 
2026-03-19 20:00:14,679 INFO     Mode: TV, gamepad_status: False (False), switched_displays: False 
2026-03-19 20:00:15,694 INFO     Mode: TV, gamepad_status: False (False), switched_displays: False 
2026-03-19 20:00:16,708 INFO     Mode: TV, gamepad_status: False (False), switched_displays: False 
2026-03-19 20:00:17,723 INFO     Mode: TV, gamepad_status: False (False), switched_displays: False 
2026-03-19 20:00:18,737 INFO     Mode: TV, gamepad_status: False (False), switched_displays: False 
2026-03-19 20:00:19,752 INFO     Mode: TV, gamepad_status: False (False), switched_displays: False 
2026-03-19 20:00:20,766 INFO     Mode: TV, gamepad_status: False (False), switched_displays: False 
2026-03-19 20:00:21,780 INFO     Mode: TV, gamepad_status: False (False), switched_displays: False 
2026-03-19 20:00:22,823 INFO     Mode: TV, gamepad_status: False (False), switched_displays: False 
2026-03-19 20:00:57,027 INFO     Mode: TV, gamepad_status: False (False), switched_displays: False 
2026-03-19 20:00:58,041 INFO     Mode: TV, gamepad_status: False (False), switched_displays: False 
2026-03-19 20:00:59,057 INFO     Mode: TV, gamepad_status: False (False), switched_displays: False 
2026-03-19 20:01:00,071 INFO     Mode: TV, gamepad_status: False (False), switched_displays: False 
2026-03-19 20:01:01,086 INFO     Mode: TV, gamepad_status: False (False), switched_displays: False 
2026-03-19 20:01:02,098 INFO     Mode: TV, gamepad_status: False (False), switched_displays: False 
2026-03-19 20:01:03,114 INFO     Mode: TV, gamepad_status: False (False), switched_displays: False 
2026-03-19 20:01:04,127 INFO     Mode: TV, gamepad_status: False (False), switched_displays: False 
2026-03-19 20:01:05,141 INFO     Mode: TV, gamepad_status: False (False), switched_displays: False 
2026-03-19 20:01:06,156 INFO     Mode: TV, gamepad_status: False (False), switched_displays: False 
2026-03-19 20:01:07,170 INFO     Mode: TV, gamepad_status: False (False), switched_displays: False 
2026-03-19 20:01:08,186 INFO     Mode: TV, gamepad_status: False (False), switched_displays: False 
2026-03-19 20:01:09,201 INFO     Mode: TV, gamepad_status: False (False), switched_displays: False 
2026-03-19 20:01:10,217 INFO     Mode: TV, gamepad_status: False (False), switched_displays: False 
2026-03-19 20:01:11,233 INFO     Mode: TV, gamepad_status: False (False), switched_displays: False 
2026-03-19 20:01:12,247 INFO     Mode: TV, gamepad_status: False (False), switched_displays: False 
2026-03-19 20:01:13,261 INFO     Mode: TV, gamepad_status: False (False), switched_displays: False 
2026-03-19 20:01:14,276 INFO     Mode: TV, gamepad_status: False (False), switched_displays: False 
2026-03-19 20:01:15,291 INFO     Mode: TV, gamepad_status: False (False), switched_displays: False 
2026-03-19 20:01:16,305 INFO     Mode: TV, gamepad_status: False (False), switched_displays: False 
2026-03-19 20:01:17,320 INFO     Mode: TV, gamepad_status: False (False), switched_displays: False 
2026-03-19 20:01:18,334 INFO     Mode: TV, gamepad_status: False (False), switched_displays: False 
2026-03-19 20:01:19,349 INFO     Mode: TV, gamepad_status: False (False), switched_displays: False 
2026-03-19 20:01:20,362 INFO     Mode: TV, gamepad_status: False (False), switched_displays: False 
2026-03-19 20:01:21,377 INFO     Mode: TV, gamepad_status: False (False), switched_displays: False 
2026-03-19 20:01:22,392 INFO     Mode: TV, gamepad_status: False (False), switched_displays: False 
2026-03-19 20:01:23,406 INFO     Mode: TV, gamepad_status: False (False), switched_displays: False 
2026-03-19 20:01:24,420 INFO     Mode: TV, gamepad_status: False (False), switched_displays: False 
2026-03-19 20:01:25,435 INFO     Mode: TV, gamepad_status: False (False), switched_displays: False 
2026-03-19 20:01:26,449 INFO     Mode: TV, gamepad_status: False (False), switched_displays: False 
2026-03-19 20:01:27,463 INFO     Mode: TV, gamepad_status: False (False), switched_displays: False 
2026-03-19 20:01:28,478 INFO     Mode: TV, gamepad_status: False (False), switched_displays: False 
2026-03-19 20:01:29,493 INFO     Mode: TV, gamepad_status: False (False), switched_displays: False 
2026-03-19 20:01:30,508 INFO     Mode: TV, gamepad_status: False (False), switched_displays: False 
2026-03-19 20:01:31,523 INFO     Mode: TV, gamepad_status: False (False), switched_displays: False 
2026-03-19 20:01:32,537 INFO     Mode: TV, gamepad_status: False (False), switched_displays: False 
2026-03-19 20:01:33,551 INFO     Mode: TV, gamepad_status: False (False), switched_displays: False 
2026-03-19 20:01:34,564 INFO     Mode: TV, gamepad_status: False (False), switched_displays: False 
2026-03-19 20:01:35,579 INFO     Mode: TV, gamepad_status: False (False), switched_displays: False 
2026-03-19 20:01:36,593 INFO     Mode: TV, gamepad_status: False (False), switched_displays: False 
2026-03-19 20:01:37,608 INFO     Mode: TV, gamepad_status: False (False), switched_displays: False 
2026-03-19 20:01:38,622 INFO     Mode: TV, gamepad_status: False (False), switched_displays: False 
2026-03-19 20:01:39,636 INFO     Mode: TV, gamepad_status: False (False), switched_displays: False 
2026-03-19 20:01:40,650 INFO     Mode: TV, gamepad_status: False (False), switched_displays: False 
2026-03-19 20:01:41,666 INFO     Mode: TV, gamepad_status: False (False), switched_displays: False 
2026-03-19 20:01:42,680 INFO     Mode: TV, gamepad_status: False (False), switched_displays: False 
2026-03-19 20:01:43,696 INFO     Mode: TV, gamepad_status: False (False), switched_displays: False 
2026-03-19 20:01:44,710 INFO     Mode: TV, gamepad_status: False (False), switched_displays: False 
2026-03-19 20:01:45,724 INFO     Mode: TV, gamepad_status: False (False), switched_displays: False 
2026-03-19 20:01:46,738 INFO     Mode: TV, gamepad_status: False (False), switched_displays: False 
2026-03-19 20:01:47,753 INFO     Mode: TV, gamepad_status: False (False), switched_displays: False 
2026-03-19 20:01:48,768 INFO     Mode: TV, gamepad_status: False (False), switched_displays: False 
2026-03-19 20:01:49,782 INFO     Mode: TV, gamepad_status: False (False), switched_displays: False 
2026-03-19 20:01:50,796 INFO     Mode: TV, gamepad_status: False (False), switched_displays: False 
2026-03-19 20:01:51,810 INFO     Mode: TV, gamepad_status: False (False), switched_displays: False 
2026-03-19 20:01:52,825 INFO     Mode: TV, gamepad_status: False (False), switched_displays: False 
2026-03-19 20:01:53,840 INFO     Mode: TV, gamepad_status: False (False), switched_displays: False 
2026-03-19 20:01:54,855 INFO     Mode: TV, gamepad_status: False (False), switched_displays: False 
2026-03-19 20:01:55,869 INFO     Mode: TV, gamepad_status: False (False), switched_displays: False 
2026-03-19 20:01:56,883 INFO     Mode: TV, gamepad_status: False (False), switched_displays: False 
2026-03-19 20:01:57,897 INFO     Mode: TV, gamepad_status: False (False), switched_displays: False 
2026-03-19 20:01:58,912 INFO     Mode: TV, gamepad_status: False (False), switched_displays: False 
2026-03-19 20:01:59,927 INFO     Mode: TV, gamepad_status: False (False), switched_displays: False 
2026-03-19 20:02:00,942 INFO     Mode: TV, gamepad_status: False (False), switched_displays: False 
2026-03-19 20:02:01,956 INFO     Mode: TV, gamepad_status: False (False), switched_displays: False 
2026-03-19 20:02:02,971 INFO     Mode: TV, gamepad_status: False (False), switched_displays: False 
2026-03-19 20:02:03,986 INFO     Mode: TV, gamepad_status: False (False), switched_displays: False 
2026-03-19 20:02:05,000 INFO     Mode: TV, gamepad_status: False (False), switched_displays: False 
2026-03-19 20:02:06,016 INFO     Mode: TV, gamepad_status: False (False), switched_displays: False 
2026-03-19 20:02:07,030 INFO     Mode: TV, gamepad_status: False (False), switched_displays: False 
2026-03-19 20:02:08,045 INFO     Mode: TV, gamepad_status: False (False), switched_displays: False 
2026-03-19 20:02:09,059 INFO     Mode: TV, gamepad_status: False (False), switched_displays: False 
2026-03-19 20:02:10,073 INFO     Mode: TV, gamepad_status: False (False), switched_displays: False 
2026-03-19 20:02:11,088 INFO     Mode: TV, gamepad_status: False (False), switched_displays: False 
2026-03-19 20:02:12,103 INFO     Mode: TV, gamepad_status: False (False), switched_displays: False 
2026-03-19 20:02:13,117 INFO     Mode: TV, gamepad_status: False (False), switched_displays: False 
2026-03-19 20:02:14,132 INFO     Mode: TV, gamepad_status: False (False), switched_displays: False 
2026-03-19 20:02:15,146 INFO     Mode: TV, gamepad_status: False (False), switched_displays: False 
2026-03-19 20:02:16,162 INFO     Mode: TV, gamepad_status: False (False), switched_displays: False 
2026-03-19 20:02:17,176 INFO     Mode: TV, gamepad_status: False (False), switched_displays: False 
2026-03-19 20:02:18,190 INFO     Mode: TV, gamepad_status: False (False), switched_displays: False 
2026-03-19 20:02:19,204 INFO     Mode: TV, gamepad_status: False (False), switched_displays: False 
2026-03-19 20:02:20,218 INFO     Mode: TV, gamepad_status: False (False), switched_displays: False 
2026-03-19 20:02:21,231 INFO     Mode: TV, gamepad_status: False (False), switched_displays: False 
2026-03-19 20:02:22,246 INFO     Mode: TV, gamepad_status: False (False), switched_displays: False 
2026-03-19 20:02:23,261 INFO     Mode: TV, gamepad_status: False (False), switched_displays: False 
2026-03-19 20:02:24,276 INFO     Mode: TV, gamepad_status: False (False), switched_displays: False 
2026-03-19 20:02:25,290 INFO     Mode: TV, gamepad_status: False (False), switched_displays: False 
2026-03-19 20:02:26,305 INFO     Mode: TV, gamepad_status: False (False), switched_displays: False 
2026-03-19 20:02:27,319 INFO     Mode: TV, gamepad_status: False (False), switched_displays: False 
2026-03-19 20:02:28,333 INFO     Mode: TV, gamepad_status: False (False), switched_displays: False 
2026-03-19 20:02:29,348 INFO     Mode: TV, gamepad_status: False (False), switched_displays: False 
2026-03-19 20:02:30,363 INFO     Mode: TV, gamepad_status: False (False), switched_displays: False 
2026-03-19 20:02:31,376 INFO     Mode: TV, gamepad_status: False (False), switched_displays: False 
2026-03-19 20:02:32,391 INFO     Mode: TV, gamepad_status: False (False), switched_displays: False 
2026-03-19 20:02:33,406 INFO     Mode: TV, gamepad_status: False (False), switched_displays: False 
2026-03-19 20:02:34,420 INFO     Mode: TV, gamepad_status: False (False), switched_displays: False 
2026-03-19 20:02:35,435 INFO     Mode: TV, gamepad_status: False (False), switched_displays: False 
2026-03-19 20:02:36,450 INFO     Mode: TV, gamepad_status: False (False), switched_displays: False 
2026-03-19 20:02:37,464 INFO     Mode: TV, gamepad_status: False (False), switched_displays: False 
2026-03-19 20:02:38,479 INFO     Mode: TV, gamepad_status: False (False), switched_displays: False 
2026-03-19 20:02:39,493 INFO     Mode: TV, gamepad_status: False (False), switched_displays: False 
2026-03-19 20:02:40,507 INFO     Mode: TV, gamepad_status: False (False), switched_displays: False 
Traceback (most recent call last):
  File "/mnt/d/Projekty/dev/display_switcher/./main.py", line 25, in <module>
    main()
    ~~~~^^
  File "/mnt/d/Projekty/dev/display_switcher/./main.py", line 21, in main
    daemon.run()
    ~~~~~~~~~~^^
  File "/mnt/d/Projekty/dev/display_switcher/daemon.py", line 56, in run
    time.sleep(self.interval)
    ~~~~~~~~~~^^^^^^^^^^^^^^^
KeyboardInterrupt
2026-03-19 20:02:41,119 INFO     Using the Linux backend
2026-03-19 20:02:41,119 INFO     Starting display daemon
2026-03-19 20:02:41,132 INFO     Detected display: DESKTOP
2026-03-19 20:02:41,132 INFO     Switching display & audio to DESKTOP
2026-03-19 20:02:41,563 INFO     Mode: DESKTOP, gamepad_status: False (None), switched_displays: True 
2026-03-19 20:02:41,563 INFO     Gamepad status changed to: False
2026-03-19 20:02:42,577 INFO     Mode: DESKTOP, gamepad_status: False (False), switched_displays: False 
2026-03-19 20:02:43,591 INFO     Mode: DESKTOP, gamepad_status: False (False), switched_displays: False 
2026-03-19 20:02:44,606 INFO     Mode: DESKTOP, gamepad_status: False (False), switched_displays: False 
2026-03-19 20:02:45,621 INFO     Mode: DESKTOP, gamepad_status: False (False), switched_displays: False 
2026-03-19 20:02:46,636 INFO     Mode: DESKTOP, gamepad_status: False (False), switched_displays: False 
2026-03-19 20:02:47,651 INFO     Mode: DESKTOP, gamepad_status: False (False), switched_displays: False 
2026-03-19 20:02:48,667 INFO     Mode: DESKTOP, gamepad_status: False (False), switched_displays: False 
2026-03-19 20:02:49,681 INFO     Mode: DESKTOP, gamepad_status: False (False), switched_displays: False 
2026-03-19 20:02:50,695 INFO     Mode: DESKTOP, gamepad_status: False (False), switched_displays: False 
2026-03-19 20:02:51,710 INFO     Mode: DESKTOP, gamepad_status: False (False), switched_displays: False 
2026-03-19 20:02:52,725 INFO     Mode: DESKTOP, gamepad_status: False (False), switched_displays: False 
2026-03-19 20:02:53,739 INFO     Mode: DESKTOP, gamepad_status: False (False), switched_displays: False 
2026-03-19 20:02:54,753 INFO     Mode: DESKTOP, gamepad_status: False (False), switched_displays: False 
2026-03-19 20:02:55,767 INFO     Mode: DESKTOP, gamepad_status: False (False), switched_displays: False 
2026-03-19 20:02:57,135 INFO     Mode: DESKTOP, gamepad_status: False (False), switched_displays: False 
2026-03-19 20:03:17,987 INFO     Detected display: TV
2026-03-19 20:03:17,987 INFO     Switching display & audio to TV
2026-03-19 20:03:19,482 ERROR    Audio sink HDA NVidia Cyfrowe stereo (HDMI) not found
2026-03-19 20:03:20,493 INFO     Mode: TV, gamepad_status: False (False), switched_displays: True 
2026-03-19 20:03:21,508 INFO     Mode: TV, gamepad_status: False (False), switched_displays: False 
2026-03-19 20:03:22,521 INFO     Mode: TV, gamepad_status: False (False), switched_displays: False 
2026-03-19 20:03:23,535 INFO     Mode: TV, gamepad_status: False (False), switched_displays: False 
2026-03-19 20:03:24,548 INFO     Mode: TV, gamepad_status: False (False), switched_displays: False 
2026-03-19 20:03:25,562 INFO     Mode: TV, gamepad_status: False (False), switched_displays: False 
2026-03-19 20:03:26,578 INFO     Mode: TV, gamepad_status: False (False), switched_displays: False 
2026-03-19 20:03:27,592 INFO     Mode: TV, gamepad_status: False (False), switched_displays: False 
2026-03-19 20:03:28,606 INFO     Mode: TV, gamepad_status: False (False), switched_displays: False 
2026-03-19 20:03:29,621 INFO     Mode: TV, gamepad_status: False (False), switched_displays: False 
2026-03-19 20:03:30,635 INFO     Mode: TV, gamepad_status: False (False), switched_displays: False 
2026-03-19 20:03:31,650 INFO     Mode: TV, gamepad_status: False (False), switched_displays: False 
2026-03-19 20:03:32,664 INFO     Mode: TV, gamepad_status: False (False), switched_displays: False 
2026-03-19 20:03:33,678 INFO     Mode: TV, gamepad_status: False (False), switched_displays: False 
2026-03-19 20:03:34,693 INFO     Mode: TV, gamepad_status: False (False), switched_displays: False 
2026-03-19 20:03:35,708 INFO     Mode: TV, gamepad_status: False (False), switched_displays: False 
2026-03-19 20:03:36,722 INFO     Mode: TV, gamepad_status: False (False), switched_displays: False 
2026-03-19 20:03:37,737 INFO     Mode: TV, gamepad_status: False (False), switched_displays: False 
2026-03-19 20:03:38,752 INFO     Mode: TV, gamepad_status: False (False), switched_displays: False 
2026-03-19 20:03:39,766 INFO     Mode: TV, gamepad_status: False (False), switched_displays: False 
2026-03-19 20:03:41,183 INFO     Detected display: DESKTOP
2026-03-19 20:03:41,184 INFO     Switching display & audio to DESKTOP
2026-03-19 20:03:41,326 INFO     Mode: DESKTOP, gamepad_status: False (False), switched_displays: True 
2026-03-19 20:03:42,339 INFO     Mode: DESKTOP, gamepad_status: False (False), switched_displays: False 
2026-03-19 20:03:43,354 INFO     Mode: DESKTOP, gamepad_status: False (False), switched_displays: False 
2026-03-19 20:03:44,369 INFO     Mode: DESKTOP, gamepad_status: False (False), switched_displays: False 
2026-03-19 20:03:45,383 INFO     Mode: DESKTOP, gamepad_status: False (False), switched_displays: False 
2026-03-19 20:03:46,396 INFO     Mode: DESKTOP, gamepad_status: False (False), switched_displays: False 
2026-03-19 20:03:47,409 INFO     Mode: DESKTOP, gamepad_status: False (False), switched_displays: False 
2026-03-19 20:03:48,423 INFO     Mode: DESKTOP, gamepad_status: False (False), switched_displays: False 
2026-03-19 20:03:49,437 INFO     Mode: DESKTOP, gamepad_status: False (False), switched_displays: False 
2026-03-19 20:03:50,450 INFO     Mode: DESKTOP, gamepad_status: False (False), switched_displays: False 
2026-03-19 20:03:51,464 INFO     Mode: DESKTOP, gamepad_status: False (False), switched_displays: False 
2026-03-19 20:03:52,478 INFO     Mode: DESKTOP, gamepad_status: False (False), switched_displays: False 
2026-03-19 20:03:53,493 INFO     Mode: DESKTOP, gamepad_status: False (False), switched_displays: False 
2026-03-19 20:03:54,508 INFO     Mode: DESKTOP, gamepad_status: False (False), switched_displays: False 
2026-03-19 20:03:55,523 INFO     Mode: DESKTOP, gamepad_status: False (False), switched_displays: False 
2026-03-19 20:03:56,537 INFO     Mode: DESKTOP, gamepad_status: False (False), switched_displays: False 
2026-03-19 20:03:57,550 INFO     Mode: DESKTOP, gamepad_status: False (False), switched_displays: False 
2026-03-19 20:03:58,565 INFO     Mode: DESKTOP, gamepad_status: False (False), switched_displays: False 
2026-03-19 20:03:59,580 INFO     Mode: DESKTOP, gamepad_status: False (False), switched_displays: False 
2026-03-19 20:04:00,593 INFO     Mode: DESKTOP, gamepad_status: False (False), switched_displays: False 
2026-03-19 20:04:01,607 INFO     Mode: DESKTOP, gamepad_status: False (False), switched_displays: False 
2026-03-19 20:04:02,622 INFO     Mode: DESKTOP, gamepad_status: False (False), switched_displays: False 
2026-03-19 20:04:03,636 INFO     Mode: DESKTOP, gamepad_status: False (False), switched_displays: False 
2026-03-19 20:04:04,650 INFO     Mode: DESKTOP, gamepad_status: False (False), switched_displays: False 
2026-03-19 20:04:05,666 INFO     Mode: DESKTOP, gamepad_status: False (False), switched_displays: False 
2026-03-19 20:04:06,680 INFO     Mode: DESKTOP, gamepad_status: False (False), switched_displays: False 
2026-03-19 20:04:07,696 INFO     Mode: DESKTOP, gamepad_status: False (False), switched_displays: False 
2026-03-19 20:04:08,710 INFO     Mode: DESKTOP, gamepad_status: False (False), switched_displays: False 
2026-03-19 20:04:09,725 INFO     Mode: DESKTOP, gamepad_status: False (False), switched_displays: False 
2026-03-19 20:04:10,739 INFO     Mode: DESKTOP, gamepad_status: False (False), switched_displays: False 
2026-03-19 20:04:11,754 INFO     Mode: DESKTOP, gamepad_status: False (False), switched_displays: False 
2026-03-19 20:04:12,767 INFO     Mode: DESKTOP, gamepad_status: False (False), switched_displays: False 
2026-03-19 20:04:13,782 INFO     Mode: DESKTOP, gamepad_status: False (False), switched_displays: False 
2026-03-19 20:04:14,796 INFO     Mode: DESKTOP, gamepad_status: False (False), switched_displays: False 
2026-03-19 20:04:15,811 INFO     Mode: DESKTOP, gamepad_status: False (False), switched_displays: False 
2026-03-19 20:04:16,825 INFO     Mode: DESKTOP, gamepad_status: False (False), switched_displays: False 
2026-03-19 20:04:17,840 INFO     Mode: DESKTOP, gamepad_status: False (False), switched_displays: False 
2026-03-19 20:04:18,854 INFO     Mode: DESKTOP, gamepad_status: False (False), switched_displays: False 
2026-03-19 20:04:19,869 INFO     Mode: DESKTOP, gamepad_status: False (False), switched_displays: False 
2026-03-19 20:04:20,883 INFO     Mode: DESKTOP, gamepad_status: False (False), switched_displays: False 
2026-03-19 20:04:21,898 INFO     Mode: DESKTOP, gamepad_status: False (False), switched_displays: False 
2026-03-19 20:04:22,912 INFO     Mode: DESKTOP, gamepad_status: False (False), switched_displays: False 
2026-03-19 20:04:23,927 INFO     Mode: DESKTOP, gamepad_status: False (False), switched_displays: False 
2026-03-19 20:04:24,941 INFO     Mode: DESKTOP, gamepad_status: False (False), switched_displays: False 
Traceback (most recent call last):
  File "/mnt/d/Projekty/dev/display_switcher/./main.py", line 25, in <module>
    main()
    ~~~~^^
  File "/mnt/d/Projekty/dev/display_switcher/./main.py", line 21, in main
    daemon.run()
    ~~~~~~~~~~^^
  File "/mnt/d/Projekty/dev/display_switcher/daemon.py", line 56, in run
    self.last_gamepad_status = gamepad_status
    ^^^^^^^^^^^^^^^^^^^^^
KeyboardInterrupt
2026-03-19 20:04:26,169 INFO     Using the Linux backend
2026-03-19 20:04:26,170 INFO     Starting display daemon
2026-03-19 20:04:26,183 INFO     Detected display: DESKTOP
2026-03-19 20:04:26,183 INFO     Switching display & audio to DESKTOP
2026-03-19 20:04:26,205 INFO     Successfully switched display to DESKTOP
2026-03-19 20:04:26,214 INFO     Successfully switched audio to DESKTOP
2026-03-19 20:04:26,214 INFO     Mode: DESKTOP, gamepad_status: False (None), switched_displays: True 
2026-03-19 20:04:26,214 INFO     Gamepad status changed to: False
2026-03-19 20:04:27,229 INFO     Mode: DESKTOP, gamepad_status: False (False), switched_displays: False 
2026-03-19 20:04:28,244 INFO     Mode: DESKTOP, gamepad_status: False (False), switched_displays: False 
2026-03-19 20:04:29,258 INFO     Mode: DESKTOP, gamepad_status: False (False), switched_displays: False 
2026-03-19 20:04:30,273 INFO     Mode: DESKTOP, gamepad_status: False (False), switched_displays: False 
2026-03-19 20:04:31,286 INFO     Mode: DESKTOP, gamepad_status: False (False), switched_displays: False 
2026-03-19 20:04:32,300 INFO     Mode: DESKTOP, gamepad_status: False (False), switched_displays: False 
2026-03-19 20:04:33,314 INFO     Mode: DESKTOP, gamepad_status: False (False), switched_displays: False 
2026-03-19 20:04:34,328 INFO     Mode: DESKTOP, gamepad_status: False (False), switched_displays: False 
2026-03-19 20:04:35,343 INFO     Mode: DESKTOP, gamepad_status: False (False), switched_displays: False 
2026-03-19 20:04:36,358 INFO     Mode: DESKTOP, gamepad_status: False (False), switched_displays: False 
2026-03-19 20:04:37,371 INFO     Mode: DESKTOP, gamepad_status: False (False), switched_displays: False 
2026-03-19 20:04:38,386 INFO     Mode: DESKTOP, gamepad_status: False (False), switched_displays: False 
2026-03-19 20:04:53,987 INFO     Detected display: TV
2026-03-19 20:04:53,987 INFO     Switching display & audio to TV
2026-03-19 20:04:54,009 INFO     Successfully switched display to TV
2026-03-19 20:04:55,460 ERROR    Audio sink HDA NVidia Cyfrowe stereo (HDMI) not found
2026-03-19 20:04:56,471 INFO     Successfully switched audio to TV
2026-03-19 20:04:56,471 INFO     Mode: TV, gamepad_status: False (False), switched_displays: True 
2026-03-19 20:04:57,485 INFO     Mode: TV, gamepad_status: False (False), switched_displays: False 
2026-03-19 20:04:58,497 INFO     Mode: TV, gamepad_status: False (False), switched_displays: False 
2026-03-19 20:04:59,510 INFO     Mode: TV, gamepad_status: False (False), switched_displays: False 
2026-03-19 20:05:00,524 INFO     Mode: TV, gamepad_status: False (False), switched_displays: False 
2026-03-19 20:05:01,538 INFO     Mode: TV, gamepad_status: False (False), switched_displays: False 
2026-03-19 20:05:02,552 INFO     Mode: TV, gamepad_status: False (False), switched_displays: False 
2026-03-19 20:05:03,566 INFO     Mode: TV, gamepad_status: False (False), switched_displays: False 
2026-03-19 20:05:04,581 INFO     Mode: TV, gamepad_status: False (False), switched_displays: False 
2026-03-19 20:05:05,598 INFO     Mode: TV, gamepad_status: False (False), switched_displays: False 
2026-03-19 20:05:06,617 INFO     Mode: TV, gamepad_status: False (False), switched_displays: False 
2026-03-19 20:05:07,636 INFO     Mode: TV, gamepad_status: False (False), switched_displays: False 
2026-03-19 20:05:08,652 INFO     Mode: TV, gamepad_status: False (False), switched_displays: False 
2026-03-19 20:05:09,667 INFO     Mode: TV, gamepad_status: False (False), switched_displays: False 
2026-03-19 20:05:10,681 INFO     Mode: TV, gamepad_status: False (False), switched_displays: False 
2026-03-19 20:05:11,694 INFO     Mode: TV, gamepad_status: False (False), switched_displays: False 
2026-03-19 20:05:12,708 INFO     Mode: TV, gamepad_status: False (False), switched_displays: False 
2026-03-19 20:05:13,723 INFO     Mode: TV, gamepad_status: False (False), switched_displays: False 
2026-03-19 20:05:14,738 INFO     Mode: TV, gamepad_status: False (False), switched_displays: False 
2026-03-19 20:05:15,752 INFO     Detected display: DESKTOP
2026-03-19 20:05:15,752 INFO     Switching display & audio to DESKTOP
2026-03-19 20:05:15,774 INFO     Successfully switched display to DESKTOP
2026-03-19 20:05:15,783 INFO     Successfully switched audio to DESKTOP
2026-03-19 20:05:15,783 INFO     Mode: DESKTOP, gamepad_status: False (False), switched_displays: True 
2026-03-19 20:05:16,797 INFO     Mode: DESKTOP, gamepad_status: False (False), switched_displays: False 
2026-03-19 20:05:17,810 INFO     Mode: DESKTOP, gamepad_status: False (False), switched_displays: False 
2026-03-19 20:05:18,824 INFO     Mode: DESKTOP, gamepad_status: False (False), switched_displays: False 
2026-03-19 20:05:19,836 INFO     Mode: DESKTOP, gamepad_status: False (False), switched_displays: False 
2026-03-19 20:05:20,848 INFO     Mode: DESKTOP, gamepad_status: False (False), switched_displays: False 
2026-03-19 20:05:21,862 INFO     Mode: DESKTOP, gamepad_status: False (False), switched_displays: False 
2026-03-19 20:05:22,876 INFO     Mode: DESKTOP, gamepad_status: False (False), switched_displays: False 
2026-03-19 20:05:23,892 INFO     Mode: DESKTOP, gamepad_status: False (False), switched_displays: False 
2026-03-19 20:05:24,906 INFO     Mode: DESKTOP, gamepad_status: False (False), switched_displays: False 
2026-03-19 20:05:25,922 INFO     Mode: DESKTOP, gamepad_status: False (False), switched_displays: False 
2026-03-19 20:05:26,936 INFO     Mode: DESKTOP, gamepad_status: False (False), switched_displays: False 
2026-03-19 20:05:27,952 INFO     Mode: DESKTOP, gamepad_status: False (False), switched_displays: False 
2026-03-19 20:05:28,966 INFO     Mode: DESKTOP, gamepad_status: False (False), switched_displays: False 
2026-03-19 20:05:29,980 INFO     Mode: DESKTOP, gamepad_status: False (False), switched_displays: False 
2026-03-19 20:05:30,994 INFO     Mode: DESKTOP, gamepad_status: False (False), switched_displays: False 
2026-03-19 20:05:32,008 INFO     Mode: DESKTOP, gamepad_status: False (False), switched_displays: False 
2026-03-19 20:05:33,023 INFO     Mode: DESKTOP, gamepad_status: False (False), switched_displays: False 
2026-03-19 20:05:34,038 INFO     Mode: DESKTOP, gamepad_status: False (False), switched_displays: False 
2026-03-19 20:05:35,052 INFO     Mode: DESKTOP, gamepad_status: False (False), switched_displays: False 
2026-03-19 20:05:36,067 INFO     Mode: DESKTOP, gamepad_status: False (False), switched_displays: False 
2026-03-19 20:05:37,081 INFO     Mode: DESKTOP, gamepad_status: False (False), switched_displays: False 
2026-03-19 20:05:38,096 INFO     Mode: DESKTOP, gamepad_status: False (False), switched_displays: False 
2026-03-19 20:05:39,109 INFO     Mode: DESKTOP, gamepad_status: False (False), switched_displays: False 
2026-03-19 20:05:40,124 INFO     Mode: DESKTOP, gamepad_status: False (False), switched_displays: False 
2026-03-19 20:05:41,137 INFO     Mode: DESKTOP, gamepad_status: False (False), switched_displays: False 
2026-03-19 20:05:42,152 INFO     Mode: DESKTOP, gamepad_status: False (False), switched_displays: False 
2026-03-19 20:05:43,166 INFO     Mode: DESKTOP, gamepad_status: False (False), switched_displays: False 
2026-03-19 20:05:44,180 INFO     Mode: DESKTOP, gamepad_status: False (False), switched_displays: False 
2026-03-19 20:05:45,194 INFO     Mode: DESKTOP, gamepad_status: False (False), switched_displays: False 
2026-03-19 20:05:46,209 INFO     Mode: DESKTOP, gamepad_status: False (False), switched_displays: False 
2026-03-19 20:05:47,223 INFO     Mode: DESKTOP, gamepad_status: False (False), switched_displays: False 
2026-03-19 20:05:48,238 INFO     Mode: DESKTOP, gamepad_status: False (False), switched_displays: False 
2026-03-19 20:05:49,252 INFO     Mode: DESKTOP, gamepad_status: False (False), switched_displays: False 
Traceback (most recent call last):
  File "/mnt/d/Projekty/dev/display_switcher/./main.py", line 25, in <module>
    main()
    ~~~~^^
  File "/mnt/d/Projekty/dev/display_switcher/./main.py", line 21, in main
    daemon.run()
    ~~~~~~~~~~^^
  File "/mnt/d/Projekty/dev/display_switcher/daemon.py", line 58, in run
    time.sleep(self.interval)
    ~~~~~~~~~~^^^^^^^^^^^^^^^
KeyboardInterrupt
2026-03-19 20:05:50,421 INFO     Using the Linux backend
2026-03-19 20:05:50,421 INFO     Starting display daemon
2026-03-19 20:05:50,435 INFO     Detected display: DESKTOP
2026-03-19 20:05:50,435 INFO     Switching display & audio to DESKTOP
2026-03-19 20:05:50,456 INFO     Successfully switched display to DESKTOP after 1 attempt(s)
2026-03-19 20:05:50,466 INFO     Successfully switched audio to DESKTOP after 1 attempt(s)
2026-03-19 20:05:50,466 INFO     Mode: DESKTOP, gamepad_status: False (None), switched_displays: True 
2026-03-19 20:05:50,466 INFO     Gamepad status changed to: False
2026-03-19 20:05:51,480 INFO     Mode: DESKTOP, gamepad_status: False (False), switched_displays: False 
2026-03-19 20:05:52,494 INFO     Mode: DESKTOP, gamepad_status: False (False), switched_displays: False 
2026-03-19 20:05:53,512 INFO     Mode: DESKTOP, gamepad_status: False (False), switched_displays: False 
2026-03-19 20:05:54,527 INFO     Mode: DESKTOP, gamepad_status: False (False), switched_displays: False 
2026-03-19 20:05:55,541 INFO     Mode: DESKTOP, gamepad_status: False (False), switched_displays: False 
2026-03-19 20:05:56,555 INFO     Mode: DESKTOP, gamepad_status: False (False), switched_displays: False 
2026-03-19 20:05:57,569 INFO     Mode: DESKTOP, gamepad_status: False (False), switched_displays: False 
2026-03-19 20:05:58,584 INFO     Mode: DESKTOP, gamepad_status: False (False), switched_displays: False 
2026-03-19 20:05:59,598 INFO     Mode: DESKTOP, gamepad_status: False (False), switched_displays: False 
2026-03-19 20:06:00,611 INFO     Mode: DESKTOP, gamepad_status: False (False), switched_displays: False 
2026-03-19 20:06:01,625 INFO     Mode: DESKTOP, gamepad_status: False (False), switched_displays: False 
2026-03-19 20:06:02,640 INFO     Mode: DESKTOP, gamepad_status: False (False), switched_displays: False 
2026-03-19 20:06:03,653 INFO     Mode: DESKTOP, gamepad_status: False (False), switched_displays: False 
2026-03-19 20:06:04,668 INFO     Mode: DESKTOP, gamepad_status: False (False), switched_displays: False 
2026-03-19 20:06:05,682 INFO     Mode: DESKTOP, gamepad_status: False (False), switched_displays: False 
Traceback (most recent call last):
  File "/mnt/d/Projekty/dev/display_switcher/./main.py", line 25, in <module>
    main()
    ~~~~^^
  File "/mnt/d/Projekty/dev/display_switcher/./main.py", line 21, in main
    daemon.run()
    ~~~~~~~~~~^^
  File "/mnt/d/Projekty/dev/display_switcher/daemon.py", line 58, in run
    time.sleep(self.interval)
    ~~~~~~~~~~^^^^^^^^^^^^^^^
KeyboardInterrupt
2026-03-19 20:06:06,599 INFO     Using the Linux backend
2026-03-19 20:06:06,599 INFO     Starting display daemon
2026-03-19 20:06:06,613 INFO     Detected display: DESKTOP
2026-03-19 20:06:06,613 INFO     Switching display & audio to DESKTOP
2026-03-19 20:06:06,635 INFO     Successfully switched display to DESKTOP after 1 attempt(s)
2026-03-19 20:06:06,644 INFO     Successfully switched audio to DESKTOP after 1 attempt(s)
2026-03-19 20:06:06,644 INFO     Gamepad status changed to: False
2026-03-19 20:06:43,273 INFO     Detected display: TV
2026-03-19 20:06:43,273 INFO     Switching display & audio to TV
2026-03-19 20:06:43,295 INFO     Successfully switched display to TV after 1 attempt(s)
2026-03-19 20:06:43,304 INFO     Successfully switched audio to TV after 1 attempt(s)
2026-03-19 20:06:44,319 INFO     Detected display: DESKTOP
2026-03-19 20:06:44,319 INFO     Switching display & audio to DESKTOP
2026-03-19 20:06:44,344 INFO     Successfully switched display to DESKTOP after 1 attempt(s)
2026-03-19 20:06:44,356 INFO     Successfully switched audio to DESKTOP after 1 attempt(s)
2026-03-19 20:07:15,808 INFO     Detected display: TV
2026-03-19 20:07:15,808 INFO     Switching display & audio to TV
2026-03-19 20:07:15,829 INFO     Successfully switched display to TV after 1 attempt(s)
2026-03-19 20:07:15,840 INFO     Successfully switched audio to TV after 1 attempt(s)
2026-03-19 20:07:48,119 INFO     Detected display: DESKTOP
2026-03-19 20:07:48,119 INFO     Switching display & audio to DESKTOP
2026-03-19 20:07:48,143 INFO     Successfully switched display to DESKTOP after 1 attempt(s)
2026-03-19 20:07:49,613 ERROR    Audio sink USB Audio Analogowe stereo not found
2026-03-19 20:07:50,625 INFO     Successfully switched audio to DESKTOP after 2 attempt(s)
2026-03-19 20:08:57,882 INFO     Detected display: TV
2026-03-19 20:08:57,882 INFO     Switching display & audio to TV
2026-03-19 20:08:57,905 INFO     Successfully switched display to TV after 1 attempt(s)
2026-03-19 20:08:59,439 INFO     Successfully switched audio to TV after 1 attempt(s)
2026-03-19 20:09:09,579 INFO     Gamepad status changed to: True
2026-03-19 20:09:09,579 INFO     Starting Steam Big Picture
2026-03-19 20:09:09,580 INFO     Steam is up
Testing for explicit PulseAudio choice...
...and PulseAudio has been explicitly chosen, so using it.
find: ‘/home/xis/.local/share/icons/hicolor/’: No such file or directory
INFO: filtering /usr/share/kubuntu-default-settings/kf5-settings out of XDG_CONFIG_DIRS because it is unreachable
Found NVIDIA version: 580.126.09
Need NVIDIA 32-bit: False
2026-03-19 20:09:19,742 INFO     Gamepad status changed to: False
2026-03-19 20:09:25,826 INFO     Detected display: DESKTOP
2026-03-19 20:09:25,826 INFO     Switching display & audio to DESKTOP
2026-03-19 20:09:25,849 INFO     Successfully switched display to DESKTOP after 1 attempt(s)
2026-03-19 20:09:25,939 INFO     Successfully switched audio to DESKTOP after 1 attempt(s)
2026-03-19 20:10:15,941 INFO     Detected display: TV
2026-03-19 20:10:15,941 INFO     Switching display & audio to TV
2026-03-19 20:10:15,966 INFO     Successfully switched display to TV after 1 attempt(s)
2026-03-19 20:10:16,093 INFO     Successfully switched audio to TV after 1 attempt(s)
2026-03-19 20:10:17,106 INFO     Detected display: DESKTOP
2026-03-19 20:10:17,106 INFO     Switching display & audio to DESKTOP
2026-03-19 20:10:17,127 INFO     Successfully switched display to DESKTOP after 1 attempt(s)
2026-03-19 20:10:17,138 INFO     Successfully switched audio to DESKTOP after 1 attempt(s)
2026-03-19 20:10:44,910 INFO     Detected display: TV
2026-03-19 20:10:44,910 INFO     Switching display & audio to TV
2026-03-19 20:10:44,934 INFO     Successfully switched display to TV after 1 attempt(s)
2026-03-19 20:10:44,944 INFO     Successfully switched audio to TV after 1 attempt(s)
2026-03-19 20:10:54,063 INFO     Gamepad status changed to: True
2026-03-19 20:10:54,064 INFO     Starting Steam Big Picture
2026-03-19 20:10:54,064 INFO     Steam is up
Testing for explicit PulseAudio choice...
...and PulseAudio has been explicitly chosen, so using it.
find: ‘/home/xis/.local/share/icons/hicolor/’: No such file or directory
INFO: filtering /usr/share/kubuntu-default-settings/kf5-settings out of XDG_CONFIG_DIRS because it is unreachable
Found NVIDIA version: 580.126.09
Need NVIDIA 32-bit: False
2026-03-19 20:11:21,462 INFO     Gamepad status changed to: False
2026-03-19 20:11:26,533 INFO     Gamepad status changed to: True
2026-03-19 20:11:26,533 INFO     Starting Steam Big Picture
2026-03-19 20:11:26,533 INFO     Steam is up
Testing for explicit PulseAudio choice...
...and PulseAudio has been explicitly chosen, so using it.
find: ‘/home/xis/.local/share/icons/hicolor/’: No such file or directory
INFO: filtering /usr/share/kubuntu-default-settings/kf5-settings out of XDG_CONFIG_DIRS because it is unreachable
Found NVIDIA version: 580.126.09
Need NVIDIA 32-bit: False
2026-03-19 20:11:39,791 INFO     Detected display: DESKTOP
2026-03-19 20:11:39,791 INFO     Switching display & audio to DESKTOP
2026-03-19 20:11:39,818 INFO     Successfully switched display to DESKTOP after 1 attempt(s)
2026-03-19 20:11:39,829 INFO     Successfully switched audio to DESKTOP after 1 attempt(s)
Traceback (most recent call last):
  File "/mnt/d/Projekty/dev/display_switcher/./main.py", line 25, in <module>
    main()
    ~~~~^^
  File "/mnt/d/Projekty/dev/display_switcher/./main.py", line 21, in main
    daemon.run()
    ~~~~~~~~~~^^
  File "/mnt/d/Projekty/dev/display_switcher/daemon.py", line 58, in run
    time.sleep(self.interval)
    ~~~~~~~~~~^^^^^^^^^^^^^^^
KeyboardInterrupt
2026-03-19 20:16:30,126 INFO     Using the Linux backend
2026-03-19 20:16:30,126 INFO     Starting display daemon
2026-03-19 20:16:30,140 INFO     Detected display: DESKTOP
2026-03-19 20:16:30,140 INFO     Switching display & audio to DESKTOP
2026-03-19 20:16:30,161 INFO     :: Successfully switched display to DESKTOP after 1 attempt(s)
2026-03-19 20:16:30,171 INFO     :: Successfully switched audio to DESKTOP after 1 attempt(s)
2026-03-19 20:16:30,171 INFO     Gamepad status changed to: True
2026-03-19 20:16:35,627 INFO     Detected display: TV
2026-03-19 20:16:35,627 INFO     Switching display & audio to TV
2026-03-19 20:16:35,652 INFO     :: Successfully switched display to TV after 1 attempt(s)
2026-03-19 20:16:35,663 INFO     :: Successfully switched audio to TV after 1 attempt(s)
2026-03-19 20:16:35,663 INFO     Starting Steam Big Picture
2026-03-19 20:16:35,663 INFO     Steam is up
Testing for explicit PulseAudio choice...
...and PulseAudio has been explicitly chosen, so using it.
find: ‘/home/xis/.local/share/icons/hicolor/’: No such file or directory
INFO: filtering /usr/share/kubuntu-default-settings/kf5-settings out of XDG_CONFIG_DIRS because it is unreachable
Found NVIDIA version: 580.126.09
Need NVIDIA 32-bit: False
2026-03-19 20:16:58,975 INFO     Gamepad status changed to: False
2026-03-19 20:17:05,060 INFO     Gamepad status changed to: True
2026-03-19 20:17:05,060 INFO     Starting Steam Big Picture
2026-03-19 20:17:05,061 INFO     Steam is up
Testing for explicit PulseAudio choice...
...and PulseAudio has been explicitly chosen, so using it.
find: ‘/home/xis/.local/share/icons/hicolor/’: No such file or directory
INFO: filtering /usr/share/kubuntu-default-settings/kf5-settings out of XDG_CONFIG_DIRS because it is unreachable
Found NVIDIA version: 580.126.09
Need NVIDIA 32-bit: False
2026-03-19 20:17:20,296 INFO     Detected display: DESKTOP
2026-03-19 20:17:20,297 INFO     Switching display & audio to DESKTOP
2026-03-19 20:17:20,319 INFO     :: Successfully switched display to DESKTOP after 1 attempt(s)
2026-03-19 20:17:20,330 INFO     :: Successfully switched audio to DESKTOP after 1 attempt(s)
2026-03-19 20:17:25,397 INFO     Gamepad status changed to: False
2026-03-19 20:17:35,701 INFO     Detected display: TV
2026-03-19 20:17:35,701 INFO     Switching display & audio to TV
2026-03-19 20:17:35,744 INFO     :: Successfully switched display to TV after 1 attempt(s)
2026-03-19 20:17:35,756 INFO     :: Successfully switched audio to TV after 1 attempt(s)
2026-03-19 20:17:43,863 INFO     Gamepad status changed to: True
2026-03-19 20:17:43,863 INFO     Starting Steam Big Picture
2026-03-19 20:17:43,863 INFO     Steam is up
Testing for explicit PulseAudio choice...
...and PulseAudio has been explicitly chosen, so using it.
find: ‘/home/xis/.local/share/icons/hicolor/’: No such file or directory
INFO: filtering /usr/share/kubuntu-default-settings/kf5-settings out of XDG_CONFIG_DIRS because it is unreachable
Found NVIDIA version: 580.126.09
Need NVIDIA 32-bit: False
2026-03-19 20:18:05,553 INFO     Detected display: DESKTOP
2026-03-19 20:18:05,553 INFO     Switching display & audio to DESKTOP
2026-03-19 20:18:05,590 INFO     :: Successfully switched display to DESKTOP after 1 attempt(s)
2026-03-19 20:18:05,606 INFO     :: Successfully switched audio to DESKTOP after 1 attempt(s)
2026-03-19 20:18:15,743 INFO     Detected display: TV
2026-03-19 20:18:15,743 INFO     Switching display & audio to TV
2026-03-19 20:18:15,766 INFO     :: Successfully switched display to TV after 1 attempt(s)
2026-03-19 20:18:15,776 INFO     :: Successfully switched audio to TV after 1 attempt(s)
2026-03-19 20:18:15,776 INFO     Starting Steam Big Picture
2026-03-19 20:18:15,776 INFO     Steam is up
Testing for explicit PulseAudio choice...
...and PulseAudio has been explicitly chosen, so using it.
find: ‘/home/xis/.local/share/icons/hicolor/’: No such file or directory
INFO: filtering /usr/share/kubuntu-default-settings/kf5-settings out of XDG_CONFIG_DIRS because it is unreachable
Found NVIDIA version: 580.126.09
Need NVIDIA 32-bit: False
2026-03-19 20:18:37,269 INFO     Detected display: DESKTOP
2026-03-19 20:18:37,269 INFO     Switching display & audio to DESKTOP
2026-03-19 20:18:37,294 INFO     :: Successfully switched display to DESKTOP after 1 attempt(s)
2026-03-19 20:18:37,412 INFO     :: Successfully switched audio to DESKTOP after 1 attempt(s)
2026-03-23 19:56:46,311 INFO     Using the Linux backend
2026-03-23 19:56:46,311 INFO     Starting display daemon
2026-03-23 19:56:46,325 INFO     Detected display: DESKTOP
2026-03-23 19:56:46,325 INFO     Switching display & audio to DESKTOP
2026-03-23 19:56:46,351 INFO     :: Successfully switched display to DESKTOP after 1 attempt(s)
2026-03-23 19:56:46,362 INFO     :: Successfully switched audio to DESKTOP after 1 attempt(s)
2026-03-23 19:56:46,362 INFO     Gamepad status changed to: False
2026-03-23 19:57:14,774 INFO     Detected display: TV
2026-03-23 19:57:14,774 INFO     Switching display & audio to TV
2026-03-23 19:57:14,797 INFO     :: Successfully switched display to TV after 1 attempt(s)
2026-03-23 19:57:14,808 INFO     :: Successfully switched audio to TV after 1 attempt(s)
2026-03-23 19:57:23,927 INFO     Gamepad status changed to: True
2026-03-23 19:57:23,927 INFO     Starting Steam Big Picture
2026-03-23 19:57:23,927 INFO     Steam is up
2026-03-23 19:58:15,754 INFO     Detected display: DESKTOP
2026-03-23 19:58:15,754 INFO     Switching display & audio to DESKTOP
2026-03-23 19:58:15,780 INFO     :: Successfully switched display to DESKTOP after 1 attempt(s)
2026-03-23 19:58:15,901 INFO     :: Successfully switched audio to DESKTOP after 1 attempt(s)
2026-03-23 20:12:00,430 INFO     Using the Linux backend
2026-03-23 20:12:00,430 INFO     Starting display daemon
2026-03-23 20:12:00,449 INFO     Detected display: DESKTOP
2026-03-23 20:12:00,449 INFO     Switching display & audio to DESKTOP
2026-03-23 20:12:00,493 INFO     :: Successfully switched display to DESKTOP after 1 attempt(s)
2026-03-23 20:12:00,512 INFO     :: Successfully switched audio to DESKTOP after 1 attempt(s)
2026-03-23 20:12:00,512 INFO     Gamepad status changed to: False
2026-03-23 20:37:59,390 INFO     Using the Linux backend
2026-03-23 20:37:59,390 INFO     Starting display daemon
2026-03-23 20:37:59,410 INFO     Detected display: DESKTOP
2026-03-23 20:37:59,410 INFO     Switching display & audio to DESKTOP
2026-03-23 20:37:59,461 INFO     :: Successfully switched display to DESKTOP after 1 attempt(s)
2026-03-23 20:37:59,476 INFO     :: Successfully switched audio to DESKTOP after 1 attempt(s)
2026-03-23 20:37:59,476 INFO     Gamepad status changed to: False
2026-03-23 20:44:55,464 INFO     Detected display: TV
2026-03-23 20:44:55,464 INFO     Switching display & audio to TV
2026-03-23 20:44:55,494 INFO     :: Successfully switched display to TV after 1 attempt(s)
2026-03-23 20:44:55,505 INFO     :: Successfully switched audio to TV after 1 attempt(s)
2026-03-23 20:46:23,950 INFO     Gamepad status changed to: True
2026-03-23 20:46:23,950 INFO     Starting Steam Big Picture
2026-03-23 20:46:23,953 INFO     Steam is up
2026-03-23 21:04:19,488 INFO     Gamepad status changed to: False
2026-03-23 21:04:27,589 INFO     Gamepad status changed to: True
2026-03-23 21:04:27,589 INFO     Starting Steam Big Picture
2026-03-23 21:04:27,589 INFO     Steam is up
2026-03-23 21:04:32,652 INFO     Gamepad status changed to: False
2026-03-23 21:04:36,700 INFO     Gamepad status changed to: True
2026-03-23 21:04:36,700 INFO     Starting Steam Big Picture
2026-03-23 21:04:36,701 INFO     Steam is up
2026-03-24 17:58:47,871 INFO     Detected display: DESKTOP
2026-03-24 17:58:47,871 INFO     Switching display & audio to DESKTOP
2026-03-24 17:58:47,901 INFO     :: Successfully switched display to DESKTOP after 1 attempt(s)
2026-03-24 17:58:47,915 INFO     :: Successfully switched audio to DESKTOP after 1 attempt(s)
2026-03-24 17:58:47,915 INFO     Gamepad status changed to: False
2026-03-24 19:50:37,406 INFO     Using the Linux backend
2026-03-24 19:50:37,406 INFO     Starting display daemon
2026-03-24 19:50:37,428 INFO     Detected display: DESKTOP
2026-03-24 19:50:37,428 INFO     Switching display & audio to DESKTOP
2026-03-24 19:50:37,471 INFO     :: Successfully switched display to DESKTOP after 1 attempt(s)
2026-03-24 19:50:37,543 INFO     :: Successfully switched audio to DESKTOP after 1 attempt(s)
2026-03-24 19:50:37,543 INFO     Gamepad status changed to: False
2026-03-24 19:53:03,267 INFO     Detected display: TV
2026-03-24 19:53:03,267 INFO     Switching display & audio to TV
2026-03-24 19:53:03,301 INFO     :: Successfully switched display to TV after 1 attempt(s)
2026-03-24 19:53:03,315 INFO     :: Successfully switched audio to TV after 1 attempt(s)
2026-03-24 19:53:11,436 INFO     Detected display: DESKTOP
2026-03-24 19:53:11,436 INFO     Switching display & audio to DESKTOP
2026-03-24 19:53:11,472 INFO     :: Successfully switched display to DESKTOP after 1 attempt(s)
2026-03-24 19:53:11,493 INFO     :: Successfully switched audio to DESKTOP after 1 attempt(s)
2026-03-24 20:03:29,760 INFO     Using the Linux backend
2026-03-24 20:03:29,760 INFO     Starting display daemon
2026-03-24 20:03:29,780 INFO     Detected display: DESKTOP
2026-03-24 20:03:29,780 INFO     Switching display & audio to DESKTOP
2026-03-24 20:03:29,820 INFO     :: Successfully switched display to DESKTOP after 1 attempt(s)
2026-03-24 20:03:29,835 INFO     :: Successfully switched audio to DESKTOP after 1 attempt(s)
2026-03-24 20:03:29,836 INFO     Gamepad status changed to: False
2026-03-24 20:16:43,472 INFO     Using the Linux backend
2026-03-24 20:16:43,472 INFO     Starting display daemon
2026-03-24 20:16:43,501 INFO     Detected display: DESKTOP
2026-03-24 20:16:43,501 INFO     Switching display & audio to DESKTOP
2026-03-24 20:16:43,529 INFO     :: Successfully switched display to DESKTOP after 1 attempt(s)
2026-03-24 20:16:43,544 INFO     :: Successfully switched audio to DESKTOP after 1 attempt(s)
2026-03-24 20:16:43,545 INFO     Gamepad status changed to: False
2026-03-24 20:25:01,925 INFO     Using the Linux backend
2026-03-24 20:25:01,925 INFO     Starting display daemon
2026-03-24 20:25:01,952 INFO     Detected display: DESKTOP
2026-03-24 20:25:01,952 INFO     Switching display & audio to DESKTOP
2026-03-24 20:25:01,982 INFO     :: Successfully switched display to DESKTOP after 1 attempt(s)
2026-03-24 20:25:01,995 INFO     :: Successfully switched audio to DESKTOP after 1 attempt(s)
2026-03-24 20:25:01,995 INFO     Gamepad status changed to: False
2026-03-24 20:40:03,540 INFO     Detected display: TV
2026-03-24 20:40:03,540 INFO     Switching display & audio to TV
2026-03-24 20:40:03,562 INFO     :: Successfully switched display to TV after 1 attempt(s)
2026-03-24 20:40:03,573 INFO     :: Successfully switched audio to TV after 1 attempt(s)
2026-03-24 20:40:33,608 INFO     Gamepad status changed to: True
2026-03-24 20:40:33,608 INFO     Starting Steam Big Picture
2026-03-24 20:40:33,611 INFO     Steam is up
2026-03-24 22:34:53,189 INFO     Gamepad status changed to: False
2026-03-25 17:32:31,930 INFO     Detected display: DESKTOP
2026-03-25 17:32:31,930 INFO     Switching display & audio to DESKTOP
2026-03-25 17:32:31,957 INFO     :: Successfully switched display to DESKTOP after 1 attempt(s)
2026-03-25 17:32:31,970 INFO     :: Successfully switched audio to DESKTOP after 1 attempt(s)
2026-03-25 17:56:15,250 INFO     Using the Linux backend
2026-03-25 17:56:15,250 INFO     Starting display daemon
2026-03-25 17:56:15,269 INFO     Detected display: DESKTOP
2026-03-25 17:56:15,269 INFO     Switching display & audio to DESKTOP
2026-03-25 17:56:15,299 INFO     :: Successfully switched display to DESKTOP after 1 attempt(s)
2026-03-25 17:56:15,314 INFO     :: Successfully switched audio to DESKTOP after 1 attempt(s)
2026-03-25 17:56:15,314 INFO     Gamepad status changed to: False
2026-03-25 18:02:19,243 INFO     Using the Linux backend
2026-03-25 18:02:19,243 INFO     Starting display daemon
2026-03-25 18:02:19,272 INFO     Detected display: DESKTOP
2026-03-25 18:02:19,272 INFO     Switching display & audio to DESKTOP
2026-03-25 18:02:19,346 INFO     :: Successfully switched display to DESKTOP after 1 attempt(s)
2026-03-25 18:02:19,358 INFO     :: Successfully switched audio to DESKTOP after 1 attempt(s)
2026-03-25 18:02:19,358 INFO     Gamepad status changed to: False
2026-03-25 18:05:44,746 INFO     Using the Linux backend
2026-03-25 18:05:44,746 INFO     Starting display daemon
2026-03-25 18:05:44,768 INFO     Detected display: DESKTOP
2026-03-25 18:05:44,768 INFO     Switching display & audio to DESKTOP
2026-03-25 18:05:44,801 INFO     :: Successfully switched display to DESKTOP after 1 attempt(s)
2026-03-25 18:05:44,814 INFO     :: Successfully switched audio to DESKTOP after 1 attempt(s)
2026-03-25 18:05:44,814 INFO     Gamepad status changed to: False
2026-03-25 18:07:48,846 INFO     Using the Linux backend
2026-03-25 18:07:48,846 INFO     Starting display daemon
2026-03-25 18:07:48,868 INFO     Detected display: DESKTOP
2026-03-25 18:07:48,868 INFO     Switching display & audio to DESKTOP
2026-03-25 18:07:48,899 INFO     :: Successfully switched display to DESKTOP after 1 attempt(s)
2026-03-25 18:07:48,912 INFO     :: Successfully switched audio to DESKTOP after 1 attempt(s)
2026-03-25 18:07:48,912 INFO     Gamepad status changed to: False
2026-03-25 19:03:56,764 INFO     Using the Linux backend
2026-03-25 19:03:56,764 INFO     Starting display daemon
2026-03-25 19:03:56,790 INFO     Detected display: DESKTOP
2026-03-25 19:03:56,790 INFO     Switching display & audio to DESKTOP
2026-03-25 19:03:56,823 INFO     :: Successfully switched display to DESKTOP after 1 attempt(s)
2026-03-25 19:03:56,838 INFO     :: Successfully switched audio to DESKTOP after 1 attempt(s)
2026-03-25 19:03:56,838 INFO     Gamepad status changed to: False
2026-03-25 20:20:45,922 INFO     Using the Linux backend
2026-03-25 20:20:45,922 INFO     Starting display daemon
2026-03-25 20:20:45,947 INFO     Detected display: DESKTOP
2026-03-25 20:20:45,947 INFO     Switching display & audio to DESKTOP
2026-03-25 20:20:45,994 INFO     :: Successfully switched display to DESKTOP after 1 attempt(s)
2026-03-25 20:20:46,008 INFO     :: Successfully switched audio to DESKTOP after 1 attempt(s)
2026-03-25 20:20:46,008 INFO     Gamepad status changed to: False
2026-03-25 20:24:48,210 INFO     Using the Linux backend
2026-03-25 20:24:48,211 INFO     Starting display daemon
2026-03-25 20:24:48,232 INFO     Detected display: DESKTOP
2026-03-25 20:24:48,232 INFO     Switching display & audio to DESKTOP
2026-03-25 20:24:48,263 INFO     :: Successfully switched display to DESKTOP after 1 attempt(s)
2026-03-25 20:24:48,278 INFO     :: Successfully switched audio to DESKTOP after 1 attempt(s)
2026-03-25 20:24:48,278 INFO     Gamepad status changed to: False
2026-03-25 20:28:19,277 INFO     Using the Linux backend
2026-03-25 20:28:19,278 INFO     Starting display daemon
2026-03-25 20:28:19,307 INFO     Detected display: DESKTOP
2026-03-25 20:28:19,307 INFO     Switching display & audio to DESKTOP
2026-03-25 20:28:19,352 INFO     :: Successfully switched display to DESKTOP after 1 attempt(s)
2026-03-25 20:28:19,365 INFO     :: Successfully switched audio to DESKTOP after 1 attempt(s)
2026-03-25 20:28:19,365 INFO     Gamepad status changed to: False
2026-03-25 21:35:48,298 INFO     Using the Linux backend
2026-03-25 21:35:48,298 INFO     Starting display daemon
2026-03-25 21:35:48,313 INFO     Detected display: DESKTOP
2026-03-25 21:35:48,313 INFO     Switching display & audio to DESKTOP
2026-03-25 21:35:48,348 INFO     :: Successfully switched display to DESKTOP after 1 attempt(s)
2026-03-25 21:35:48,365 INFO     :: Successfully switched audio to DESKTOP after 1 attempt(s)
2026-03-25 21:35:48,366 INFO     Gamepad status changed to: False
2026-03-25 21:36:28,209 INFO     Using the Linux backend
2026-03-25 21:36:28,209 INFO     Starting display daemon
2026-03-25 21:36:28,232 INFO     Detected display: DESKTOP
2026-03-25 21:36:28,232 INFO     Switching display & audio to DESKTOP
2026-03-25 21:36:28,265 INFO     :: Successfully switched display to DESKTOP after 1 attempt(s)
2026-03-25 21:36:28,279 INFO     :: Successfully switched audio to DESKTOP after 1 attempt(s)
2026-03-25 21:36:28,279 INFO     Gamepad status changed to: False
2026-03-25 21:38:19,406 INFO     Using the Linux backend
2026-03-25 21:38:19,407 INFO     Starting display daemon
2026-03-25 21:38:19,433 INFO     Detected display: DESKTOP
2026-03-25 21:38:19,433 INFO     Switching display & audio to DESKTOP
2026-03-25 21:38:19,469 INFO     :: Successfully switched display to DESKTOP after 1 attempt(s)
2026-03-25 21:38:19,485 INFO     :: Successfully switched audio to DESKTOP after 1 attempt(s)
2026-03-25 21:38:19,485 INFO     Gamepad status changed to: False
2026-03-25 21:44:03,395 INFO     Detected display: TV
2026-03-25 21:44:03,395 INFO     Switching display & audio to TV
2026-03-25 21:44:03,436 INFO     :: Successfully switched display to TV after 1 attempt(s)
2026-03-25 21:44:03,447 INFO     :: Successfully switched audio to TV after 1 attempt(s)
2026-03-25 21:44:04,464 INFO     Detected display: DESKTOP
2026-03-25 21:44:04,464 INFO     Switching display & audio to DESKTOP
2026-03-25 21:44:04,491 INFO     :: Successfully switched display to DESKTOP after 1 attempt(s)
2026-03-25 21:44:04,503 INFO     :: Successfully switched audio to DESKTOP after 1 attempt(s)
2026-03-25 21:44:20,776 INFO     Detected display: TV
2026-03-25 21:44:20,776 INFO     Switching display & audio to TV
2026-03-25 21:44:20,798 INFO     :: Successfully switched display to TV after 1 attempt(s)
2026-03-25 21:44:20,809 INFO     :: Successfully switched audio to TV after 1 attempt(s)
2026-03-25 21:44:31,987 INFO     Gamepad status changed to: True
2026-03-25 21:44:31,987 INFO     Starting Steam Big Picture
2026-03-25 21:44:31,989 INFO     Steam is up
2026-03-26 17:37:46,832 INFO     Detected display: DESKTOP
2026-03-26 17:37:46,832 INFO     Switching display & audio to DESKTOP
2026-03-26 17:37:46,865 INFO     :: Successfully switched display to DESKTOP after 1 attempt(s)
2026-03-26 17:37:46,880 INFO     :: Successfully switched audio to DESKTOP after 1 attempt(s)
2026-03-26 17:37:46,881 INFO     Gamepad status changed to: False
2026-03-26 17:43:23,434 INFO     Using the Linux backend
2026-03-26 17:43:23,434 INFO     Starting display daemon
2026-03-26 17:43:23,455 INFO     Detected display: DESKTOP
2026-03-26 17:43:23,455 INFO     Switching display & audio to DESKTOP
2026-03-26 17:43:23,486 INFO     :: Successfully switched display to DESKTOP after 1 attempt(s)
2026-03-26 17:43:23,515 INFO     :: Successfully switched audio to DESKTOP after 1 attempt(s)
2026-03-26 17:43:23,516 INFO     Gamepad status changed to: False
2026-03-26 17:54:21,620 INFO     Using the Linux backend
2026-03-26 17:54:21,620 INFO     Starting display daemon
Traceback (most recent call last):
  File "/home/xis/tools/display_switcher/main.py", line 25, in <module>
    main()
  File "/home/xis/tools/display_switcher/main.py", line 21, in main
    daemon.run()
  File "/home/xis/tools/display_switcher/daemon.py", line 44, in run
    f"Mode: {self.current_mode.name}, gamepad_status: {gamepad_status} ({self.last_gamepad_status}), switched_displays: {switched_displays} ")
             ^^^^^^^^^^^^^^^^^^^^^^
AttributeError: 'NoneType' object has no attribute 'name'
2026-03-26 18:29:29,319 INFO     Using the Linux backend
2026-03-26 18:29:29,319 INFO     Starting display daemon
2026-03-26 18:30:48,577 INFO     Using the Linux backend
2026-03-26 18:30:48,578 INFO     Starting display daemon
2026-03-26 18:35:18,882 INFO     Using the Linux backend
2026-03-26 18:35:18,882 INFO     Starting display daemon
Traceback (most recent call last):
  File "/home/xis/tools/display_switcher/main.py", line 25, in <module>
    main()
  File "/home/xis/tools/display_switcher/main.py", line 21, in main
    daemon.run()
  File "/home/xis/tools/display_switcher/daemon.py", line 19, in run
    detected = self.backend.detect_mode()
               ^^^^^^^^^^^^^^^^^^^^^^^^^^
  File "/home/xis/tools/display_switcher/backends/linux.py", line 32, in detect_mode
    outputs = json.loads(result.stdout)["outputs"]
              ^^^^^^^^^^^^^^^^^^^^^^^^^
  File "/usr/lib/python3.12/json/__init__.py", line 346, in loads
    return _default_decoder.decode(s)
           ^^^^^^^^^^^^^^^^^^^^^^^^^^
  File "/usr/lib/python3.12/json/decoder.py", line 337, in decode
    obj, end = self.raw_decode(s, idx=_w(s, 0).end())
               ^^^^^^^^^^^^^^^^^^^^^^^^^^^^^^^^^^^^^^
  File "/usr/lib/python3.12/json/decoder.py", line 355, in raw_decode
    raise JSONDecodeError("Expecting value", s, err.value) from None
json.decoder.JSONDecodeError: Expecting value: line 1 column 1 (char 0)
2026-03-26 20:15:42,550 INFO     Using the Linux backend
2026-03-26 20:15:42,550 INFO     Starting display daemon
2026-03-26 20:15:42,579 INFO     Detected display: DESKTOP
2026-03-26 20:15:42,579 INFO     Switching display & audio to DESKTOP
2026-03-26 20:15:42,621 INFO     :: Successfully switched display to DESKTOP after 1 attempt(s)
2026-03-26 20:15:43,200 ERROR    Audio sink USB Audio Speakers not found
2026-03-26 20:15:44,214 INFO     :: Successfully switched audio to DESKTOP after 2 attempt(s)
2026-03-26 20:15:44,214 INFO     Gamepad status changed to: False
2026-03-26 20:23:59,603 INFO     Using the Linux backend
2026-03-26 20:23:59,603 INFO     Starting display daemon
2026-03-26 20:23:59,638 INFO     Detected display: DESKTOP
2026-03-26 20:23:59,638 INFO     Switching display & audio to DESKTOP
2026-03-26 20:23:59,684 INFO     :: Successfully switched display to DESKTOP after 1 attempt(s)
2026-03-26 20:23:59,700 INFO     :: Successfully switched audio to DESKTOP after 1 attempt(s)
2026-03-26 20:23:59,700 INFO     Gamepad status changed to: False
2026-03-26 20:29:24,528 INFO     Using the Linux backend
2026-03-26 20:29:24,528 INFO     Starting display daemon
2026-03-26 20:29:24,558 INFO     Detected display: DESKTOP
2026-03-26 20:29:24,558 INFO     Switching display & audio to DESKTOP
2026-03-26 20:29:24,613 INFO     :: Successfully switched display to DESKTOP after 1 attempt(s)
2026-03-26 20:29:24,626 INFO     :: Successfully switched audio to DESKTOP after 1 attempt(s)
2026-03-26 20:29:24,626 INFO     Gamepad status changed to: False
2026-03-26 20:57:40,360 INFO     Using the Linux backend
2026-03-26 20:57:40,360 INFO     Starting display daemon
2026-03-26 20:57:40,400 INFO     Detected display: DESKTOP
2026-03-26 20:57:40,400 INFO     Switching display & audio to DESKTOP
2026-03-26 20:57:40,440 INFO     :: Successfully switched display to DESKTOP after 1 attempt(s)
2026-03-26 20:57:40,453 INFO     :: Successfully switched audio to DESKTOP after 1 attempt(s)
2026-03-26 20:57:40,453 INFO     Gamepad status changed to: False
2026-03-26 21:02:19,387 INFO     Using the Linux backend
2026-03-26 21:02:19,387 INFO     Starting display daemon
2026-03-26 21:02:19,420 INFO     Detected display: DESKTOP
2026-03-26 21:02:19,420 INFO     Switching display & audio to DESKTOP
2026-03-26 21:02:19,461 INFO     :: Successfully switched display to DESKTOP after 1 attempt(s)
2026-03-26 21:02:19,474 INFO     :: Successfully switched audio to DESKTOP after 1 attempt(s)
2026-03-26 21:02:19,475 INFO     Gamepad status changed to: False
2026-03-27 18:11:10,823 INFO     Using the Linux backend
2026-03-27 18:11:10,823 INFO     Starting display daemon
2026-03-27 18:11:10,859 INFO     Detected display: DESKTOP
2026-03-27 18:11:10,859 INFO     Switching display & audio to DESKTOP
2026-03-27 18:11:10,914 INFO     :: Successfully switched display to DESKTOP after 1 attempt(s)
2026-03-27 18:11:10,927 INFO     :: Successfully switched audio to DESKTOP after 1 attempt(s)
2026-03-27 18:11:10,927 INFO     Gamepad status changed to: False
2026-03-27 18:11:33,892 INFO     Using the Linux backend
2026-03-27 18:11:33,892 INFO     Starting display daemon
2026-03-27 18:15:12,116 INFO     Using the Linux backend
2026-03-27 18:15:12,116 INFO     Starting display daemon
2026-03-27 18:15:12,149 INFO     Detected display: DESKTOP
2026-03-27 18:15:12,149 INFO     Switching display & audio to DESKTOP
2026-03-27 18:15:12,199 INFO     :: Successfully switched display to DESKTOP after 1 attempt(s)
2026-03-27 18:15:12,910 ERROR    Audio sink USB Audio Speakers not found
2026-03-27 18:15:13,923 INFO     :: Successfully switched audio to DESKTOP after 2 attempt(s)
2026-03-27 18:15:13,923 INFO     Gamepad status changed to: False
2026-03-27 18:37:14,110 INFO     Using the Linux backend
2026-03-27 18:37:14,110 INFO     Starting display daemon
2026-03-27 18:44:57,297 INFO     Using the Linux backend
2026-03-27 18:44:57,297 INFO     Starting display daemon
2026-03-27 18:44:57,337 INFO     Detected display: DESKTOP
2026-03-27 18:44:57,337 INFO     Switching display & audio to DESKTOP
2026-03-27 18:44:57,394 INFO     :: Successfully switched display to DESKTOP after 1 attempt(s)
2026-03-27 18:44:58,114 ERROR    Audio sink USB Audio Speakers not found
2026-03-27 18:44:59,126 INFO     :: Successfully switched audio to DESKTOP after 2 attempt(s)
2026-03-27 18:44:59,126 INFO     Gamepad status changed to: False
2026-03-27 19:42:32,663 INFO     Using the Linux backend
2026-03-27 19:42:32,663 INFO     Starting display daemon
2026-03-27 19:48:27,057 INFO     Using the Linux backend
2026-03-27 19:48:27,057 INFO     Starting display daemon
2026-03-27 19:48:27,096 INFO     Detected display: DESKTOP
2026-03-27 19:48:27,096 INFO     Switching display & audio to DESKTOP
2026-03-27 19:48:27,159 INFO     :: Successfully switched display to DESKTOP after 1 attempt(s)
2026-03-27 19:48:27,844 ERROR    Audio sink USB Audio Speakers not found
2026-03-27 19:48:28,857 INFO     :: Successfully switched audio to DESKTOP after 2 attempt(s)
2026-03-27 19:48:28,857 INFO     Gamepad status changed to: False
2026-03-27 20:23:15,028 INFO     Using the Linux backend
2026-03-27 20:23:15,028 INFO     Starting display daemon
2026-03-27 20:23:15,069 INFO     Detected display: DESKTOP
2026-03-27 20:23:15,069 INFO     Switching display & audio to DESKTOP
2026-03-27 20:23:15,121 INFO     :: Successfully switched display to DESKTOP after 1 attempt(s)
2026-03-27 20:23:15,134 INFO     :: Successfully switched audio to DESKTOP after 1 attempt(s)
2026-03-27 20:23:15,134 INFO     Gamepad status changed to: False
2026-03-27 20:45:24,436 INFO     Using the Linux backend
2026-03-27 20:45:24,436 INFO     Starting display daemon
2026-03-27 20:45:24,470 INFO     Detected display: DESKTOP
2026-03-27 20:45:24,472 INFO     Switching display & audio to DESKTOP
2026-03-27 20:45:24,515 INFO     :: Successfully switched display to DESKTOP after 1 attempt(s)
2026-03-27 20:45:24,531 INFO     :: Successfully switched audio to DESKTOP after 1 attempt(s)
2026-03-27 20:45:24,531 INFO     Gamepad status changed to: False
2026-03-27 21:27:23,211 INFO     Using the Linux backend
2026-03-27 21:27:23,211 INFO     Starting display daemon
2026-03-27 21:27:23,246 INFO     Detected display: DESKTOP
2026-03-27 21:27:23,246 INFO     Switching display & audio to DESKTOP
2026-03-27 21:27:23,290 INFO     :: Successfully switched display to DESKTOP after 1 attempt(s)
2026-03-27 21:27:23,302 INFO     :: Successfully switched audio to DESKTOP after 1 attempt(s)
2026-03-27 21:27:23,302 INFO     Gamepad status changed to: False
2026-03-27 21:52:07,376 INFO     Using the Linux backend
2026-03-27 21:52:07,376 INFO     Starting display daemon
2026-03-27 21:52:07,414 INFO     Detected display: DESKTOP
2026-03-27 21:52:07,414 INFO     Switching display & audio to DESKTOP
2026-03-27 21:52:07,469 INFO     :: Successfully switched display to DESKTOP after 1 attempt(s)
2026-03-27 21:52:07,481 INFO     :: Successfully switched audio to DESKTOP after 1 attempt(s)
2026-03-27 21:52:07,481 INFO     Gamepad status changed to: False
2026-03-27 21:52:57,417 INFO     Using the Linux backend
2026-03-27 21:52:57,417 INFO     Starting display daemon
2026-03-27 21:52:57,446 INFO     Detected display: DESKTOP
2026-03-27 21:52:57,446 INFO     Switching display & audio to DESKTOP
2026-03-27 21:52:57,497 INFO     :: Successfully switched display to DESKTOP after 1 attempt(s)
2026-03-27 21:52:57,512 INFO     :: Successfully switched audio to DESKTOP after 1 attempt(s)
2026-03-27 21:52:57,512 INFO     Gamepad status changed to: False
2026-03-27 22:13:02,603 INFO     Detected display: TV
2026-03-27 22:13:02,603 INFO     Switching display & audio to TV
2026-03-27 22:13:02,777 INFO     :: Successfully switched display to TV after 1 attempt(s)
2026-03-27 22:13:02,789 INFO     :: Successfully switched audio to TV after 1 attempt(s)
2026-03-27 22:13:03,808 INFO     Detected display: DESKTOP
2026-03-27 22:13:03,808 INFO     Switching display & audio to DESKTOP
2026-03-27 22:13:03,844 INFO     :: Successfully switched display to DESKTOP after 1 attempt(s)
2026-03-27 22:13:03,855 INFO     :: Successfully switched audio to DESKTOP after 1 attempt(s)
2026-03-27 22:13:15,060 INFO     Detected display: TV
2026-03-27 22:13:15,061 INFO     Switching display & audio to TV
2026-03-27 22:13:15,087 INFO     :: Successfully switched display to TV after 1 attempt(s)
2026-03-27 22:13:15,098 INFO     :: Successfully switched audio to TV after 1 attempt(s)
2026-03-27 22:13:31,386 INFO     Detected display: DESKTOP
2026-03-27 22:13:31,386 INFO     Switching display & audio to DESKTOP
2026-03-27 22:13:31,417 INFO     :: Successfully switched display to DESKTOP after 1 attempt(s)
2026-03-27 22:13:31,428 INFO     :: Successfully switched audio to DESKTOP after 1 attempt(s)
2026-03-27 22:13:39,569 INFO     Detected display: TV
2026-03-27 22:13:39,569 INFO     Switching display & audio to TV
2026-03-27 22:13:39,604 INFO     :: Successfully switched display to TV after 1 attempt(s)
2026-03-27 22:13:39,617 INFO     :: Successfully switched audio to TV after 1 attempt(s)
2026-03-27 22:13:51,842 INFO     Gamepad status changed to: True
2026-03-27 22:13:51,842 INFO     Starting Steam Big Picture
2026-03-27 22:13:51,844 INFO     Steam is up
2026-03-28 11:10:20,875 INFO     Detected display: DESKTOP
2026-03-28 11:10:20,875 INFO     Switching display & audio to DESKTOP
2026-03-28 11:10:20,910 INFO     :: Successfully switched display to DESKTOP after 1 attempt(s)
2026-03-28 11:10:20,924 INFO     :: Successfully switched audio to DESKTOP after 1 attempt(s)
2026-03-28 11:10:20,924 INFO     Gamepad status changed to: False
2026-03-28 11:23:28,540 INFO     Gamepad status changed to: True
2026-03-28 11:29:43,088 INFO     Using the Linux backend
2026-03-28 11:29:43,089 INFO     Starting display daemon
2026-03-28 11:29:43,115 INFO     Detected display: DESKTOP
2026-03-28 11:29:43,115 INFO     Switching display & audio to DESKTOP
2026-03-28 11:29:43,161 INFO     :: Successfully switched display to DESKTOP after 1 attempt(s)
2026-03-28 11:29:43,176 INFO     :: Successfully switched audio to DESKTOP after 1 attempt(s)
2026-03-28 11:29:43,176 INFO     Gamepad status changed to: False
2026-03-28 11:30:47,774 INFO     Gamepad status changed to: True
2026-03-28 11:32:21,640 INFO     Gamepad status changed to: False
2026-03-28 11:32:29,791 INFO     Gamepad status changed to: True
2026-03-28 11:34:11,666 INFO     Gamepad status changed to: False
2026-03-28 11:34:18,797 INFO     Gamepad status changed to: True
2026-03-28 11:34:22,871 INFO     Gamepad status changed to: False
2026-03-28 11:34:33,061 INFO     Gamepad status changed to: True
2026-03-28 11:34:42,236 INFO     Gamepad status changed to: False
2026-03-28 11:43:17,992 INFO     Gamepad status changed to: True
2026-03-28 11:43:30,226 INFO     Gamepad status changed to: False
2026-03-28 11:43:38,372 INFO     Gamepad status changed to: True
2026-03-28 11:51:32,273 INFO     Gamepad status changed to: False
2026-03-28 11:51:38,384 INFO     Gamepad status changed to: True
2026-03-28 11:51:46,542 INFO     Gamepad status changed to: False
2026-03-28 11:53:22,368 INFO     Gamepad status changed to: True
2026-03-28 11:54:40,528 INFO     Using the Linux backend
2026-03-28 11:54:40,529 INFO     Starting display daemon
2026-03-28 11:54:40,566 INFO     Detected display: DESKTOP
2026-03-28 11:54:40,566 INFO     Switching display & audio to DESKTOP
2026-03-28 11:54:40,605 INFO     :: Successfully switched display to DESKTOP after 1 attempt(s)
2026-03-28 11:54:40,622 INFO     :: Successfully switched audio to DESKTOP after 1 attempt(s)
2026-03-28 11:54:40,622 INFO     Gamepad status changed to: False
2026-03-28 12:00:29,518 INFO     Gamepad status changed to: True
2026-03-28 12:00:41,754 INFO     Gamepad status changed to: False
2026-03-28 12:00:49,898 INFO     Gamepad status changed to: True
2026-03-28 12:01:48,504 INFO     Using the Linux backend
2026-03-28 12:01:48,504 INFO     Starting display daemon
2026-03-28 12:01:48,534 INFO     Detected display: DESKTOP
2026-03-28 12:01:48,534 INFO     Switching display & audio to DESKTOP
2026-03-28 12:01:48,577 INFO     :: Successfully switched display to DESKTOP after 1 attempt(s)
2026-03-28 12:01:48,591 INFO     :: Successfully switched audio to DESKTOP after 1 attempt(s)
2026-03-28 12:01:48,591 INFO     Gamepad status changed to: False
2026-03-28 12:03:14,774 INFO     Gamepad status changed to: True
2026-03-28 12:03:27,004 INFO     Gamepad status changed to: False
2026-03-28 12:03:33,106 INFO     Gamepad status changed to: True
2026-03-28 12:27:10,752 INFO     Gamepad status changed to: False
2026-03-28 12:27:19,923 INFO     Gamepad status changed to: True
2026-03-28 12:51:04,726 INFO     Gamepad status changed to: False
2026-03-28 12:53:28,403 INFO     Gamepad status changed to: True
2026-03-28 14:09:44,469 INFO     Using the Linux backend
2026-03-28 14:09:44,469 INFO     Starting display daemon
2026-03-28 14:09:44,494 INFO     Detected display: DESKTOP
2026-03-28 14:09:44,494 INFO     Switching display & audio to DESKTOP
2026-03-28 14:09:44,533 INFO     :: Successfully switched display to DESKTOP after 1 attempt(s)
2026-03-28 14:09:44,548 INFO     :: Successfully switched audio to DESKTOP after 1 attempt(s)
2026-03-28 14:09:44,548 INFO     Gamepad status changed to: True
2026-03-28 14:15:50,258 INFO     Gamepad status changed to: False
2026-03-28 19:33:44,786 INFO     Using the Linux backend
2026-03-28 19:33:44,786 INFO     Starting display daemon
2026-03-28 19:33:44,821 INFO     Detected display: DESKTOP
2026-03-28 19:33:44,821 INFO     Switching display & audio to DESKTOP
2026-03-28 19:33:44,860 INFO     :: Successfully switched display to DESKTOP after 1 attempt(s)
2026-03-28 19:33:44,874 INFO     :: Successfully switched audio to DESKTOP after 1 attempt(s)
2026-03-28 19:33:44,874 INFO     Gamepad status changed to: False
2026-03-28 19:45:00,487 INFO     Using the Linux backend
2026-03-28 19:45:00,487 INFO     Starting display daemon
2026-03-28 19:45:00,512 INFO     Detected display: DESKTOP
2026-03-28 19:45:00,512 INFO     Switching display & audio to DESKTOP
2026-03-28 19:45:00,565 INFO     :: Successfully switched display to DESKTOP after 1 attempt(s)
2026-03-28 19:45:00,578 INFO     :: Successfully switched audio to DESKTOP after 1 attempt(s)
2026-03-28 19:45:00,578 INFO     Gamepad status changed to: False
2026-03-28 19:51:57,705 INFO     Using the Linux backend
2026-03-28 19:51:57,706 INFO     Starting display daemon
2026-03-28 19:51:57,738 INFO     Detected display: DESKTOP
2026-03-28 19:51:57,738 INFO     Switching display & audio to DESKTOP
2026-03-28 19:51:57,781 INFO     :: Successfully switched display to DESKTOP after 1 attempt(s)
2026-03-28 19:51:57,796 INFO     :: Successfully switched audio to DESKTOP after 1 attempt(s)
2026-03-28 19:51:57,796 INFO     Gamepad status changed to: False
2026-03-28 19:52:15,349 INFO     Using the Linux backend
2026-03-28 19:52:15,349 INFO     Starting display daemon
2026-03-28 19:52:15,386 INFO     Detected display: DESKTOP
2026-03-28 19:52:15,387 INFO     Switching display & audio to DESKTOP
2026-03-28 19:52:15,430 INFO     :: Successfully switched display to DESKTOP after 1 attempt(s)
2026-03-28 19:52:15,442 INFO     :: Successfully switched audio to DESKTOP after 1 attempt(s)
2026-03-28 19:52:15,442 INFO     Gamepad status changed to: False
2026-03-28 19:54:53,546 INFO     Using the Linux backend
2026-03-28 19:54:53,546 INFO     Starting display daemon
2026-03-28 19:54:53,587 INFO     Detected display: DESKTOP
2026-03-28 19:54:53,587 INFO     Switching display & audio to DESKTOP
2026-03-28 19:54:53,626 INFO     :: Successfully switched display to DESKTOP after 1 attempt(s)
2026-03-28 19:54:53,639 INFO     :: Successfully switched audio to DESKTOP after 1 attempt(s)
2026-03-28 19:54:53,640 INFO     Gamepad status changed to: False
2026-03-28 19:55:25,749 INFO     Using the Linux backend
2026-03-28 19:55:25,749 INFO     Starting display daemon
2026-03-28 19:55:25,786 INFO     Detected display: DESKTOP
2026-03-28 19:55:25,786 INFO     Switching display & audio to DESKTOP
2026-03-28 19:55:25,824 INFO     :: Successfully switched display to DESKTOP after 1 attempt(s)
2026-03-28 19:55:25,837 INFO     :: Successfully switched audio to DESKTOP after 1 attempt(s)
2026-03-28 19:55:25,837 INFO     Gamepad status changed to: False
2026-03-28 20:46:39,369 INFO     Gamepad status changed to: True
2026-03-28 21:33:40,070 INFO     Gamepad status changed to: False
2026-03-28 22:10:11,476 INFO     Detected display: TV
2026-03-28 22:10:11,476 INFO     Switching display & audio to TV
2026-03-28 22:10:11,505 INFO     :: Successfully switched display to TV after 1 attempt(s)
2026-03-28 22:10:11,518 INFO     :: Successfully switched audio to TV after 1 attempt(s)
2026-03-28 22:11:16,568 INFO     Gamepad status changed to: True
2026-03-28 22:11:16,568 INFO     Starting Steam Big Picture
2026-03-28 22:11:16,568 INFO     Steam is up
2026-03-28 22:43:34,530 INFO     Gamepad status changed to: False
2026-03-28 22:44:56,622 INFO     Using the Linux backend
2026-03-28 22:44:56,622 INFO     Starting display daemon
2026-03-28 22:44:56,650 INFO     Detected display: DESKTOP
2026-03-28 22:44:56,650 INFO     Switching display & audio to DESKTOP
2026-03-28 22:44:56,704 INFO     :: Successfully switched display to DESKTOP after 1 attempt(s)
2026-03-28 22:44:56,721 INFO     :: Successfully switched audio to DESKTOP after 1 attempt(s)
2026-03-28 22:44:56,721 INFO     Gamepad status changed to: False
2026-03-29 09:54:23,632 INFO     Detected display: TV
2026-03-29 09:54:23,632 INFO     Switching display & audio to TV
2026-03-29 09:54:23,660 INFO     :: Successfully switched display to TV after 1 attempt(s)
2026-03-29 09:54:23,672 INFO     :: Successfully switched audio to TV after 1 attempt(s)
2026-03-29 09:54:26,069 INFO     Detected display: DESKTOP
2026-03-29 09:54:26,069 INFO     Switching display & audio to DESKTOP
2026-03-29 09:54:26,102 INFO     :: Successfully switched display to DESKTOP after 1 attempt(s)
2026-03-29 09:54:26,114 INFO     :: Successfully switched audio to DESKTOP after 1 attempt(s)
2026-03-29 10:04:14,558 INFO     Gamepad status changed to: True
2026-03-29 10:04:57,507 INFO     Gamepad status changed to: False
2026-03-29 10:04:59,662 INFO     Gamepad status changed to: True
2026-03-29 10:14:22,490 INFO     Gamepad status changed to: False
2026-03-29 10:14:37,386 INFO     Gamepad status changed to: True
2026-03-29 10:20:15,481 INFO     Gamepad status changed to: False
2026-03-29 10:20:17,579 INFO     Gamepad status changed to: True
2026-03-29 10:34:32,594 INFO     Gamepad status changed to: False
2026-03-29 11:07:30,023 INFO     Gamepad status changed to: True
2026-03-29 11:30:26,253 INFO     Gamepad status changed to: False
2026-03-29 14:21:31,736 INFO     Using the Linux backend
2026-03-29 14:21:31,736 INFO     Starting display daemon
2026-03-29 14:21:31,778 INFO     Detected display: DESKTOP
2026-03-29 14:21:31,778 INFO     Switching display & audio to DESKTOP
2026-03-29 14:21:31,837 INFO     :: Successfully switched display to DESKTOP after 1 attempt(s)
2026-03-29 14:21:31,851 INFO     :: Successfully switched audio to DESKTOP after 1 attempt(s)
2026-03-29 14:21:31,851 INFO     Gamepad status changed to: False
2026-03-29 14:42:15,629 INFO     Gamepad status changed to: True
2026-03-29 14:58:00,868 INFO     Gamepad status changed to: False
2026-03-29 15:07:44,290 INFO     Gamepad status changed to: True
2026-03-29 15:21:43,525 INFO     Gamepad status changed to: False
2026-03-29 15:21:45,083 INFO     Gamepad status changed to: True
2026-03-29 16:28:16,518 INFO     Gamepad status changed to: False
2026-03-29 16:28:17,535 INFO     Gamepad status changed to: True
2026-03-29 16:29:25,515 INFO     Gamepad status changed to: False
2026-03-29 16:29:26,532 INFO     Gamepad status changed to: True
2026-03-29 16:29:34,669 INFO     Gamepad status changed to: False
2026-03-29 16:29:40,760 INFO     Gamepad status changed to: True
2026-03-29 17:00:35,107 INFO     Gamepad status changed to: False
2026-03-29 21:37:48,917 INFO     Detected display: TV
2026-03-29 21:37:48,917 INFO     Switching display & audio to TV
2026-03-29 21:37:48,949 INFO     :: Successfully switched display to TV after 1 attempt(s)
2026-03-29 21:37:48,962 INFO     :: Successfully switched audio to TV after 1 attempt(s)
2026-03-29 21:38:00,132 INFO     Gamepad status changed to: True
2026-03-29 21:38:00,132 INFO     Starting Steam Big Picture
2026-03-29 21:38:00,132 INFO     Steam is up
2026-03-30 18:51:42,940 INFO     Gamepad status changed to: False
2026-03-30 18:51:44,127 INFO     Detected display: DESKTOP
2026-03-30 18:51:44,127 INFO     Switching display & audio to DESKTOP
2026-03-30 18:51:44,189 INFO     :: Successfully switched display to DESKTOP after 1 attempt(s)
2026-03-30 18:51:44,216 INFO     :: Successfully switched audio to DESKTOP after 1 attempt(s)
2026-04-11 19:10:09,503 INFO     Using the Linux backend
2026-04-11 19:10:09,503 INFO     Starting display daemon
2026-04-11 19:10:09,519 INFO     Detected display: DESKTOP
2026-04-11 19:10:09,519 INFO     Switching display & audio to DESKTOP
2026-04-11 19:10:09,554 INFO     :: Successfully switched display to DESKTOP after 1 attempt(s)
2026-04-11 19:10:09,566 INFO     :: Successfully switched audio to DESKTOP after 1 attempt(s)
2026-04-11 19:10:09,566 INFO     Gamepad status changed to: True
Traceback (most recent call last):
  File "/home/xis/tools/display_switcher/./main.py", line 25, in <module>
    main()
  File "/home/xis/tools/display_switcher/./main.py", line 21, in main
    daemon.run()
  File "/home/xis/tools/display_switcher/daemon.py", line 61, in run
    time.sleep(self.interval)
KeyboardInterrupt
2026-04-11 19:11:20,727 INFO     Using the Linux backend
2026-04-11 19:11:20,727 INFO     Starting display daemon
2026-04-11 19:11:20,743 INFO     Detected display: DESKTOP
2026-04-11 19:11:20,743 INFO     Switching display & audio to DESKTOP
2026-04-11 19:11:20,773 INFO     :: Successfully switched display to DESKTOP after 1 attempt(s)
2026-04-11 19:11:20,784 INFO     :: Successfully switched audio to DESKTOP after 1 attempt(s)
2026-04-11 19:11:20,784 INFO     Gamepad status changed to: True
2026-04-11 19:11:32,421 INFO     Detected display: TV
2026-04-11 19:11:32,421 INFO     Switching display & audio to TV
2026-04-11 19:11:32,450 INFO     :: Successfully switched display to TV after 1 attempt(s)
2026-04-11 19:11:32,461 INFO     :: Successfully switched audio to TV after 1 attempt(s)
2026-04-11 19:11:32,461 INFO     Starting Steam Big Picture
2026-04-11 19:11:32,461 INFO     Steam is up
2026-04-11 19:11:33,478 INFO     Detected display: DESKTOP
2026-04-11 19:11:33,478 INFO     Switching display & audio to DESKTOP
2026-04-11 19:11:33,508 INFO     :: Successfully switched display to DESKTOP after 1 attempt(s)
2026-04-11 19:11:33,519 INFO     :: Successfully switched audio to DESKTOP after 1 attempt(s)
Traceback (most recent call last):
  File "/home/xis/stuff/display_switcher/./main.py", line 25, in <module>
    main()
  File "/home/xis/stuff/display_switcher/./main.py", line 21, in main
    daemon.run()
  File "/home/xis/stuff/display_switcher/daemon.py", line 61, in run
    time.sleep(self.interval)
KeyboardInterrupt
2026-04-11 19:14:30,938 INFO     Using the Linux backend
2026-04-11 19:14:30,938 INFO     Starting display daemon
2026-04-11 19:14:30,954 INFO     Detected display: DESKTOP
2026-04-11 19:14:30,954 INFO     Switching display & audio to DESKTOP
2026-04-11 19:14:30,983 INFO     :: Successfully switched display to DESKTOP after 1 attempt(s)
2026-04-11 19:14:30,994 INFO     :: Successfully switched audio to DESKTOP after 1 attempt(s)
2026-04-11 19:14:46,384 INFO     Detected display: TV
2026-04-11 19:14:46,384 INFO     Switching display & audio to TV
2026-04-11 19:14:46,413 INFO     :: Successfully switched display to TV after 1 attempt(s)
2026-04-11 19:14:46,425 INFO     :: Successfully switched audio to TV after 1 attempt(s)
2026-04-11 19:14:58,627 INFO     Detected display: DESKTOP
2026-04-11 19:14:58,627 INFO     Switching display & audio to DESKTOP
2026-04-11 19:14:58,659 INFO     :: Successfully switched display to DESKTOP after 1 attempt(s)
2026-04-11 19:14:58,774 INFO     :: Successfully switched audio to DESKTOP after 1 attempt(s)
Traceback (most recent call last):
  File "/home/xis/stuff/display_switcher/./main.py", line 25, in <module>
    main()
  File "/home/xis/stuff/display_switcher/./main.py", line 21, in main
    daemon.run()
  File "/home/xis/stuff/display_switcher/daemon.py", line 39, in run
    time.sleep(self.interval)
KeyboardInterrupt
Traceback (most recent call last):
  File "/home/xis/stuff/display_switcher/./main.py", line 7, in <module>
    from PyQt6.QtWidgets import QApplication
ModuleNotFoundError: No module named 'PyQt6'
2026-04-11 19:24:53,876 INFO     Using the Linux backend
2026-04-11 19:24:53,916 INFO     Starting display daemon
2026-04-11 19:24:53,931 INFO     Detected display: DESKTOP
2026-04-11 19:24:53,931 INFO     Switching display & audio to DESKTOP
2026-04-11 19:24:53,963 INFO     :: Successfully switched display to DESKTOP after 1 attempt(s)
2026-04-11 19:24:53,975 INFO     :: Successfully switched audio to DESKTOP after 1 attempt(s)
